<?xml version="1.0" encoding="UTF-8"?>
<testsuite xmlns:xsi="http://www.w3.org/2001/XMLSchema-instance" xsi:noNamespaceSchemaLocation="https://maven.apache.org/surefire/maven-surefire-plugin/xsd/surefire-test-report.xsd" name="guru.sfg.beer.order.service.BeerOrderServiceApplicationTests" time="3.671" tests="1" errors="1" skipped="0" failures="0">
  <properties>
    <property name="java.specification.version" value="14"/>
    <property name="sun.jnu.encoding" value="UTF-8"/>
    <property name="java.class.path" value="/Users/jantonio/IdeaProjects/springframework.guru/courses/micro/mssc-brewery-ws/mssc-beer-order-service/target/test-classes:/Users/jantonio/IdeaProjects/springframework.guru/courses/micro/mssc-brewery-ws/mssc-beer-order-service/target/classes:/Users/jantonio/.m2/repository/org/springframework/boot/spring-boot-starter-web/2.1.5.RELEASE/spring-boot-starter-web-2.1.5.RELEASE.jar:/Users/jantonio/.m2/repository/org/springframework/boot/spring-boot-starter-json/2.1.5.RELEASE/spring-boot-starter-json-2.1.5.RELEASE.jar:/Users/jantonio/.m2/repository/com/fasterxml/jackson/core/jackson-databind/2.9.8/jackson-databind-2.9.8.jar:/Users/jantonio/.m2/repository/com/fasterxml/jackson/datatype/jackson-datatype-jsr310/2.9.8/jackson-datatype-jsr310-2.9.8.jar:/Users/jantonio/.m2/repository/com/fasterxml/jackson/module/jackson-module-parameter-names/2.9.8/jackson-module-parameter-names-2.9.8.jar:/Users/jantonio/.m2/repository/org/springframework/boot/spring-boot-starter-tomcat/2.1.5.RELEASE/spring-boot-starter-tomcat-2.1.5.RELEASE.jar:/Users/jantonio/.m2/repository/org/apache/tomcat/embed/tomcat-embed-core/9.0.19/tomcat-embed-core-9.0.19.jar:/Users/jantonio/.m2/repository/org/apache/tomcat/embed/tomcat-embed-el/9.0.19/tomcat-embed-el-9.0.19.jar:/Users/jantonio/.m2/repository/org/apache/tomcat/embed/tomcat-embed-websocket/9.0.19/tomcat-embed-websocket-9.0.19.jar:/Users/jantonio/.m2/repository/org/hibernate/validator/hibernate-validator/6.0.16.Final/hibernate-validator-6.0.16.Final.jar:/Users/jantonio/.m2/repository/javax/validation/validation-api/2.0.1.Final/validation-api-2.0.1.Final.jar:/Users/jantonio/.m2/repository/org/jboss/logging/jboss-logging/3.3.2.Final/jboss-logging-3.3.2.Final.jar:/Users/jantonio/.m2/repository/com/fasterxml/classmate/1.4.0/classmate-1.4.0.jar:/Users/jantonio/.m2/repository/org/springframework/spring-web/5.1.7.RELEASE/spring-web-5.1.7.RELEASE.jar:/Users/jantonio/.m2/repository/org/springframework/spring-beans/5.1.7.RELEASE/spring-beans-5.1.7.RELEASE.jar:/Users/jantonio/.m2/repository/org/springframework/spring-webmvc/5.1.7.RELEASE/spring-webmvc-5.1.7.RELEASE.jar:/Users/jantonio/.m2/repository/org/springframework/spring-aop/5.1.7.RELEASE/spring-aop-5.1.7.RELEASE.jar:/Users/jantonio/.m2/repository/org/springframework/spring-context/5.1.7.RELEASE/spring-context-5.1.7.RELEASE.jar:/Users/jantonio/.m2/repository/org/springframework/spring-expression/5.1.7.RELEASE/spring-expression-5.1.7.RELEASE.jar:/Users/jantonio/.m2/repository/org/springframework/boot/spring-boot-starter-data-jpa/2.1.5.RELEASE/spring-boot-starter-data-jpa-2.1.5.RELEASE.jar:/Users/jantonio/.m2/repository/org/springframework/boot/spring-boot-starter-aop/2.1.5.RELEASE/spring-boot-starter-aop-2.1.5.RELEASE.jar:/Users/jantonio/.m2/repository/org/aspectj/aspectjweaver/1.9.4/aspectjweaver-1.9.4.jar:/Users/jantonio/.m2/repository/org/springframework/boot/spring-boot-starter-jdbc/2.1.5.RELEASE/spring-boot-starter-jdbc-2.1.5.RELEASE.jar:/Users/jantonio/.m2/repository/com/zaxxer/HikariCP/3.2.0/HikariCP-3.2.0.jar:/Users/jantonio/.m2/repository/org/springframework/spring-jdbc/5.1.7.RELEASE/spring-jdbc-5.1.7.RELEASE.jar:/Users/jantonio/.m2/repository/javax/transaction/javax.transaction-api/1.3/javax.transaction-api-1.3.jar:/Users/jantonio/.m2/repository/org/hibernate/hibernate-core/5.3.10.Final/hibernate-core-5.3.10.Final.jar:/Users/jantonio/.m2/repository/javax/persistence/javax.persistence-api/2.2/javax.persistence-api-2.2.jar:/Users/jantonio/.m2/repository/org/javassist/javassist/3.23.2-GA/javassist-3.23.2-GA.jar:/Users/jantonio/.m2/repository/net/bytebuddy/byte-buddy/1.9.12/byte-buddy-1.9.12.jar:/Users/jantonio/.m2/repository/antlr/antlr/2.7.7/antlr-2.7.7.jar:/Users/jantonio/.m2/repository/org/jboss/jandex/2.0.5.Final/jandex-2.0.5.Final.jar:/Users/jantonio/.m2/repository/javax/activation/javax.activation-api/1.2.0/javax.activation-api-1.2.0.jar:/Users/jantonio/.m2/repository/org/dom4j/dom4j/2.1.1/dom4j-2.1.1.jar:/Users/jantonio/.m2/repository/org/hibernate/common/hibernate-commons-annotations/5.0.4.Final/hibernate-commons-annotations-5.0.4.Final.jar:/Users/jantonio/.m2/repository/org/springframework/data/spring-data-jpa/2.1.8.RELEASE/spring-data-jpa-2.1.8.RELEASE.jar:/Users/jantonio/.m2/repository/org/springframework/data/spring-data-commons/2.1.8.RELEASE/spring-data-commons-2.1.8.RELEASE.jar:/Users/jantonio/.m2/repository/org/springframework/spring-orm/5.1.7.RELEASE/spring-orm-5.1.7.RELEASE.jar:/Users/jantonio/.m2/repository/org/springframework/spring-aspects/5.1.7.RELEASE/spring-aspects-5.1.7.RELEASE.jar:/Users/jantonio/.m2/repository/org/springframework/boot/spring-boot-starter-artemis/2.1.5.RELEASE/spring-boot-starter-artemis-2.1.5.RELEASE.jar:/Users/jantonio/.m2/repository/org/springframework/spring-jms/5.1.7.RELEASE/spring-jms-5.1.7.RELEASE.jar:/Users/jantonio/.m2/repository/org/apache/activemq/artemis-jms-client/2.6.4/artemis-jms-client-2.6.4.jar:/Users/jantonio/.m2/repository/org/apache/activemq/artemis-core-client/2.6.4/artemis-core-client-2.6.4.jar:/Users/jantonio/.m2/repository/org/jgroups/jgroups/3.6.13.Final/jgroups-3.6.13.Final.jar:/Users/jantonio/.m2/repository/org/apache/activemq/artemis-commons/2.6.4/artemis-commons-2.6.4.jar:/Users/jantonio/.m2/repository/commons-beanutils/commons-beanutils/1.9.3/commons-beanutils-1.9.3.jar:/Users/jantonio/.m2/repository/commons-collections/commons-collections/3.2.2/commons-collections-3.2.2.jar:/Users/jantonio/.m2/repository/org/apache/johnzon/johnzon-core/1.1.11/johnzon-core-1.1.11.jar:/Users/jantonio/.m2/repository/io/netty/netty-transport-native-epoll/4.1.36.Final/netty-transport-native-epoll-4.1.36.Final-linux-x86_64.jar:/Users/jantonio/.m2/repository/io/netty/netty-transport-native-unix-common/4.1.36.Final/netty-transport-native-unix-common-4.1.36.Final.jar:/Users/jantonio/.m2/repository/io/netty/netty-transport-native-kqueue/4.1.36.Final/netty-transport-native-kqueue-4.1.36.Final-osx-x86_64.jar:/Users/jantonio/.m2/repository/io/netty/netty-codec-http/4.1.36.Final/netty-codec-http-4.1.36.Final.jar:/Users/jantonio/.m2/repository/io/netty/netty-buffer/4.1.36.Final/netty-buffer-4.1.36.Final.jar:/Users/jantonio/.m2/repository/io/netty/netty-transport/4.1.36.Final/netty-transport-4.1.36.Final.jar:/Users/jantonio/.m2/repository/io/netty/netty-resolver/4.1.36.Final/netty-resolver-4.1.36.Final.jar:/Users/jantonio/.m2/repository/io/netty/netty-handler/4.1.36.Final/netty-handler-4.1.36.Final.jar:/Users/jantonio/.m2/repository/io/netty/netty-codec/4.1.36.Final/netty-codec-4.1.36.Final.jar:/Users/jantonio/.m2/repository/io/netty/netty-common/4.1.36.Final/netty-common-4.1.36.Final.jar:/Users/jantonio/.m2/repository/org/apache/activemq/artemis-selector/2.6.4/artemis-selector-2.6.4.jar:/Users/jantonio/.m2/repository/javax/jms/javax.jms-api/2.0.1/javax.jms-api-2.0.1.jar:/Users/jantonio/.m2/repository/javax/json/javax.json-api/1.1.4/javax.json-api-1.1.4.jar:/Users/jantonio/.m2/repository/com/h2database/h2/1.4.199/h2-1.4.199.jar:/Users/jantonio/.m2/repository/mysql/mysql-connector-java/8.0.16/mysql-connector-java-8.0.16.jar:/Users/jantonio/.m2/repository/javax/xml/bind/jaxb-api/2.3.0/jaxb-api-2.3.0.jar:/Users/jantonio/.m2/repository/com/sun/xml/bind/jaxb-core/2.3.0/jaxb-core-2.3.0.jar:/Users/jantonio/.m2/repository/com/sun/xml/bind/jaxb-impl/2.3.0/jaxb-impl-2.3.0.jar:/Users/jantonio/.m2/repository/org/springframework/boot/spring-boot-starter/2.1.5.RELEASE/spring-boot-starter-2.1.5.RELEASE.jar:/Users/jantonio/.m2/repository/org/springframework/boot/spring-boot/2.1.5.RELEASE/spring-boot-2.1.5.RELEASE.jar:/Users/jantonio/.m2/repository/org/springframework/boot/spring-boot-autoconfigure/2.1.5.RELEASE/spring-boot-autoconfigure-2.1.5.RELEASE.jar:/Users/jantonio/.m2/repository/org/springframework/boot/spring-boot-starter-logging/2.1.5.RELEASE/spring-boot-starter-logging-2.1.5.RELEASE.jar:/Users/jantonio/.m2/repository/ch/qos/logback/logback-classic/1.2.3/logback-classic-1.2.3.jar:/Users/jantonio/.m2/repository/ch/qos/logback/logback-core/1.2.3/logback-core-1.2.3.jar:/Users/jantonio/.m2/repository/org/apache/logging/log4j/log4j-to-slf4j/2.11.2/log4j-to-slf4j-2.11.2.jar:/Users/jantonio/.m2/repository/org/apache/logging/log4j/log4j-api/2.11.2/log4j-api-2.11.2.jar:/Users/jantonio/.m2/repository/org/slf4j/jul-to-slf4j/1.7.26/jul-to-slf4j-1.7.26.jar:/Users/jantonio/.m2/repository/javax/annotation/javax.annotation-api/1.3.2/javax.annotation-api-1.3.2.jar:/Users/jantonio/.m2/repository/org/springframework/spring-core/5.1.7.RELEASE/spring-core-5.1.7.RELEASE.jar:/Users/jantonio/.m2/repository/org/springframework/spring-jcl/5.1.7.RELEASE/spring-jcl-5.1.7.RELEASE.jar:/Users/jantonio/.m2/repository/org/yaml/snakeyaml/1.23/snakeyaml-1.23.jar:/Users/jantonio/.m2/repository/org/springframework/boot/spring-boot-starter-actuator/2.1.5.RELEASE/spring-boot-starter-actuator-2.1.5.RELEASE.jar:/Users/jantonio/.m2/repository/org/springframework/boot/spring-boot-actuator-autoconfigure/2.1.5.RELEASE/spring-boot-actuator-autoconfigure-2.1.5.RELEASE.jar:/Users/jantonio/.m2/repository/org/springframework/boot/spring-boot-actuator/2.1.5.RELEASE/spring-boot-actuator-2.1.5.RELEASE.jar:/Users/jantonio/.m2/repository/io/micrometer/micrometer-core/1.1.4/micrometer-core-1.1.4.jar:/Users/jantonio/.m2/repository/org/hdrhistogram/HdrHistogram/2.1.9/HdrHistogram-2.1.9.jar:/Users/jantonio/.m2/repository/org/latencyutils/LatencyUtils/2.0.3/LatencyUtils-2.0.3.jar:/Users/jantonio/.m2/repository/org/projectlombok/lombok/1.18.8/lombok-1.18.8.jar:/Users/jantonio/.m2/repository/org/mapstruct/mapstruct/1.3.0.Final/mapstruct-1.3.0.Final.jar:/Users/jantonio/.m2/repository/org/junit/jupiter/junit-jupiter-api/5.3.2/junit-jupiter-api-5.3.2.jar:/Users/jantonio/.m2/repository/org/apiguardian/apiguardian-api/1.0.0/apiguardian-api-1.0.0.jar:/Users/jantonio/.m2/repository/org/opentest4j/opentest4j/1.1.1/opentest4j-1.1.1.jar:/Users/jantonio/.m2/repository/org/junit/platform/junit-platform-commons/1.3.2/junit-platform-commons-1.3.2.jar:/Users/jantonio/.m2/repository/org/junit/jupiter/junit-jupiter-engine/5.3.2/junit-jupiter-engine-5.3.2.jar:/Users/jantonio/.m2/repository/org/junit/platform/junit-platform-engine/1.3.2/junit-platform-engine-1.3.2.jar:/Users/jantonio/.m2/repository/org/mockito/mockito-junit-jupiter/2.23.4/mockito-junit-jupiter-2.23.4.jar:/Users/jantonio/.m2/repository/org/mockito/mockito-core/2.23.4/mockito-core-2.23.4.jar:/Users/jantonio/.m2/repository/net/bytebuddy/byte-buddy-agent/1.9.12/byte-buddy-agent-1.9.12.jar:/Users/jantonio/.m2/repository/org/awaitility/awaitility/3.1.6/awaitility-3.1.6.jar:/Users/jantonio/.m2/repository/org/hamcrest/hamcrest-library/1.3/hamcrest-library-1.3.jar:/Users/jantonio/.m2/repository/org/hamcrest/hamcrest-core/1.3/hamcrest-core-1.3.jar:/Users/jantonio/.m2/repository/org/objenesis/objenesis/2.6/objenesis-2.6.jar:/Users/jantonio/.m2/repository/org/spockframework/spock-spring/1.3-groovy-2.5/spock-spring-1.3-groovy-2.5.jar:/Users/jantonio/.m2/repository/org/codehaus/groovy/groovy/2.5.7/groovy-2.5.7.jar:/Users/jantonio/.m2/repository/org/codehaus/groovy/groovy-json/2.5.7/groovy-json-2.5.7.jar:/Users/jantonio/.m2/repository/org/codehaus/groovy/groovy-nio/2.5.7/groovy-nio-2.5.7.jar:/Users/jantonio/.m2/repository/org/codehaus/groovy/groovy-macro/2.5.7/groovy-macro-2.5.7.jar:/Users/jantonio/.m2/repository/org/codehaus/groovy/groovy-templates/2.5.7/groovy-templates-2.5.7.jar:/Users/jantonio/.m2/repository/org/codehaus/groovy/groovy-test/2.5.7/groovy-test-2.5.7.jar:/Users/jantonio/.m2/repository/org/codehaus/groovy/groovy-sql/2.5.7/groovy-sql-2.5.7.jar:/Users/jantonio/.m2/repository/org/codehaus/groovy/groovy-xml/2.5.7/groovy-xml-2.5.7.jar:/Users/jantonio/.m2/repository/org/spockframework/spock-core/1.3-groovy-2.5/spock-core-1.3-groovy-2.5.jar:/Users/jantonio/.m2/repository/junit/junit/4.12/junit-4.12.jar:/Users/jantonio/.m2/repository/com/github/JensPiegsa/wiremock-extension/0.4.0/wiremock-extension-0.4.0.jar:/Users/jantonio/.m2/repository/com/github/tomakehurst/wiremock/2.19.0/wiremock-2.19.0.jar:/Users/jantonio/.m2/repository/org/eclipse/jetty/jetty-server/9.4.18.v20190429/jetty-server-9.4.18.v20190429.jar:/Users/jantonio/.m2/repository/javax/servlet/javax.servlet-api/4.0.1/javax.servlet-api-4.0.1.jar:/Users/jantonio/.m2/repository/org/eclipse/jetty/jetty-http/9.4.18.v20190429/jetty-http-9.4.18.v20190429.jar:/Users/jantonio/.m2/repository/org/eclipse/jetty/jetty-io/9.4.18.v20190429/jetty-io-9.4.18.v20190429.jar:/Users/jantonio/.m2/repository/org/eclipse/jetty/jetty-servlet/9.4.18.v20190429/jetty-servlet-9.4.18.v20190429.jar:/Users/jantonio/.m2/repository/org/eclipse/jetty/jetty-security/9.4.18.v20190429/jetty-security-9.4.18.v20190429.jar:/Users/jantonio/.m2/repository/org/eclipse/jetty/jetty-servlets/9.4.18.v20190429/jetty-servlets-9.4.18.v20190429.jar:/Users/jantonio/.m2/repository/org/eclipse/jetty/jetty-continuation/9.4.18.v20190429/jetty-continuation-9.4.18.v20190429.jar:/Users/jantonio/.m2/repository/org/eclipse/jetty/jetty-util/9.4.18.v20190429/jetty-util-9.4.18.v20190429.jar:/Users/jantonio/.m2/repository/org/eclipse/jetty/jetty-webapp/9.4.18.v20190429/jetty-webapp-9.4.18.v20190429.jar:/Users/jantonio/.m2/repository/org/eclipse/jetty/jetty-xml/9.4.18.v20190429/jetty-xml-9.4.18.v20190429.jar:/Users/jantonio/.m2/repository/com/fasterxml/jackson/core/jackson-core/2.9.8/jackson-core-2.9.8.jar:/Users/jantonio/.m2/repository/com/fasterxml/jackson/core/jackson-annotations/2.9.0/jackson-annotations-2.9.0.jar:/Users/jantonio/.m2/repository/org/apache/httpcomponents/httpclient/4.5.8/httpclient-4.5.8.jar:/Users/jantonio/.m2/repository/org/apache/httpcomponents/httpcore/4.4.11/httpcore-4.4.11.jar:/Users/jantonio/.m2/repository/commons-codec/commons-codec/1.11/commons-codec-1.11.jar:/Users/jantonio/.m2/repository/org/xmlunit/xmlunit-legacy/2.6.2/xmlunit-legacy-2.6.2.jar:/Users/jantonio/.m2/repository/net/sf/jopt-simple/jopt-simple/5.0.3/jopt-simple-5.0.3.jar:/Users/jantonio/.m2/repository/org/apache/commons/commons-lang3/3.8.1/commons-lang3-3.8.1.jar:/Users/jantonio/.m2/repository/com/flipkart/zjsonpatch/zjsonpatch/0.4.4/zjsonpatch-0.4.4.jar:/Users/jantonio/.m2/repository/com/github/jknack/handlebars/4.0.7/handlebars-4.0.7.jar:/Users/jantonio/.m2/repository/com/github/jknack/handlebars-helpers/4.0.7/handlebars-helpers-4.0.7.jar:/Users/jantonio/.m2/repository/org/springframework/statemachine/spring-statemachine-core/2.1.2.RELEASE/spring-statemachine-core-2.1.2.RELEASE.jar:/Users/jantonio/.m2/repository/org/springframework/spring-tx/5.1.7.RELEASE/spring-tx-5.1.7.RELEASE.jar:/Users/jantonio/.m2/repository/org/springframework/spring-messaging/5.1.7.RELEASE/spring-messaging-5.1.7.RELEASE.jar:/Users/jantonio/.m2/repository/com/atlassian/oai/swagger-request-validator-core/2.3.0/swagger-request-validator-core-2.3.0.jar:/Users/jantonio/.m2/repository/io/swagger/parser/v3/swagger-parser/2.0.5/swagger-parser-2.0.5.jar:/Users/jantonio/.m2/repository/io/swagger/parser/v3/swagger-parser-v2-converter/2.0.5/swagger-parser-v2-converter-2.0.5.jar:/Users/jantonio/.m2/repository/io/swagger/swagger-parser/1.0.39/swagger-parser-1.0.39.jar:/Users/jantonio/.m2/repository/io/swagger/swagger-core/1.5.21/swagger-core-1.5.21.jar:/Users/jantonio/.m2/repository/io/swagger/swagger-models/1.5.21/swagger-models-1.5.21.jar:/Users/jantonio/.m2/repository/io/swagger/swagger-annotations/1.5.21/swagger-annotations-1.5.21.jar:/Users/jantonio/.m2/repository/io/swagger/swagger-compat-spec-parser/1.0.39/swagger-compat-spec-parser-1.0.39.jar:/Users/jantonio/.m2/repository/com/github/fge/json-patch/1.6/json-patch-1.6.jar:/Users/jantonio/.m2/repository/io/swagger/core/v3/swagger-models/2.0.4/swagger-models-2.0.4.jar:/Users/jantonio/.m2/repository/io/swagger/parser/v3/swagger-parser-core/2.0.5/swagger-parser-core-2.0.5.jar:/Users/jantonio/.m2/repository/io/swagger/parser/v3/swagger-parser-v3/2.0.5/swagger-parser-v3-2.0.5.jar:/Users/jantonio/.m2/repository/io/swagger/core/v3/swagger-core/2.0.5/swagger-core-2.0.5.jar:/Users/jantonio/.m2/repository/io/swagger/core/v3/swagger-annotations/2.0.5/swagger-annotations-2.0.5.jar:/Users/jantonio/.m2/repository/com/fasterxml/jackson/dataformat/jackson-dataformat-yaml/2.9.8/jackson-dataformat-yaml-2.9.8.jar:/Users/jantonio/.m2/repository/org/slf4j/slf4j-ext/1.7.26/slf4j-ext-1.7.26.jar:/Users/jantonio/.m2/repository/commons-io/commons-io/2.4/commons-io-2.4.jar:/Users/jantonio/.m2/repository/com/github/java-json-tools/json-schema-validator/2.2.8/json-schema-validator-2.2.8.jar:/Users/jantonio/.m2/repository/com/github/java-json-tools/json-schema-core/1.2.8/json-schema-core-1.2.8.jar:/Users/jantonio/.m2/repository/org/mozilla/rhino/1.7R4/rhino-1.7R4.jar:/Users/jantonio/.m2/repository/com/github/fge/jackson-coreutils/1.8/jackson-coreutils-1.8.jar:/Users/jantonio/.m2/repository/com/github/fge/msg-simple/1.1/msg-simple-1.1.jar:/Users/jantonio/.m2/repository/com/github/fge/btf/1.2/btf-1.2.jar:/Users/jantonio/.m2/repository/com/github/fge/uri-template/0.9/uri-template-0.9.jar:/Users/jantonio/.m2/repository/javax/mail/mailapi/1.4.3/mailapi-1.4.3.jar:/Users/jantonio/.m2/repository/javax/activation/activation/1.1/activation-1.1.jar:/Users/jantonio/.m2/repository/joda-time/joda-time/2.10.2/joda-time-2.10.2.jar:/Users/jantonio/.m2/repository/com/googlecode/libphonenumber/libphonenumber/8.0.0/libphonenumber-8.0.0.jar:/Users/jantonio/.m2/repository/org/slf4j/slf4j-api/1.7.26/slf4j-api-1.7.26.jar:/Users/jantonio/.m2/repository/com/google/guava/guava/23.0/guava-23.0.jar:/Users/jantonio/.m2/repository/com/google/errorprone/error_prone_annotations/2.0.18/error_prone_annotations-2.0.18.jar:/Users/jantonio/.m2/repository/com/google/j2objc/j2objc-annotations/1.1/j2objc-annotations-1.1.jar:/Users/jantonio/.m2/repository/org/codehaus/mojo/animal-sniffer-annotations/1.14/animal-sniffer-annotations-1.14.jar:/Users/jantonio/.m2/repository/com/google/code/findbugs/jsr305/3.0.2/jsr305-3.0.2.jar:/Users/jantonio/.m2/repository/com/fasterxml/jackson/datatype/jackson-datatype-jdk8/2.9.8/jackson-datatype-jdk8-2.9.8.jar:/Users/jantonio/.m2/repository/com/atlassian/oai/swagger-request-validator-mockmvc/2.3.0/swagger-request-validator-mockmvc-2.3.0.jar:/Users/jantonio/.m2/repository/org/springframework/spring-test/5.1.7.RELEASE/spring-test-5.1.7.RELEASE.jar:/Users/jantonio/.m2/repository/com/atlassian/oai/swagger-request-validator-springmvc/2.3.0/swagger-request-validator-springmvc-2.3.0.jar:/Users/jantonio/.m2/repository/org/springframework/boot/spring-boot-starter-test/2.1.5.RELEASE/spring-boot-starter-test-2.1.5.RELEASE.jar:/Users/jantonio/.m2/repository/org/springframework/boot/spring-boot-test/2.1.5.RELEASE/spring-boot-test-2.1.5.RELEASE.jar:/Users/jantonio/.m2/repository/org/springframework/boot/spring-boot-test-autoconfigure/2.1.5.RELEASE/spring-boot-test-autoconfigure-2.1.5.RELEASE.jar:/Users/jantonio/.m2/repository/com/jayway/jsonpath/json-path/2.4.0/json-path-2.4.0.jar:/Users/jantonio/.m2/repository/net/minidev/json-smart/2.3/json-smart-2.3.jar:/Users/jantonio/.m2/repository/net/minidev/accessors-smart/1.2/accessors-smart-1.2.jar:/Users/jantonio/.m2/repository/org/ow2/asm/asm/5.0.4/asm-5.0.4.jar:/Users/jantonio/.m2/repository/org/assertj/assertj-core/3.11.1/assertj-core-3.11.1.jar:/Users/jantonio/.m2/repository/org/skyscreamer/jsonassert/1.5.0/jsonassert-1.5.0.jar:/Users/jantonio/.m2/repository/com/vaadin/external/google/android-json/0.0.20131108.vaadin1/android-json-0.0.20131108.vaadin1.jar:/Users/jantonio/.m2/repository/org/xmlunit/xmlunit-core/2.6.2/xmlunit-core-2.6.2.jar:"/>
    <property name="java.vm.vendor" value="Oracle Corporation"/>
    <property name="sun.arch.data.model" value="64"/>
    <property name="java.vendor.url" value="https://java.oracle.com/"/>
    <property name="os.name" value="Mac OS X"/>
    <property name="java.vm.specification.version" value="14"/>
    <property name="sun.java.launcher" value="SUN_STANDARD"/>
    <property name="user.country" value="ES"/>
    <property name="sun.boot.library.path" value="/Library/Java/JavaVirtualMachines/jdk-14.0.1.jdk/Contents/Home/lib"/>
    <property name="sun.java.command" value="/Users/jantonio/IdeaProjects/springframework.guru/courses/micro/mssc-brewery-ws/mssc-beer-order-service/target/surefire/surefirebooter1849023228319881413.jar /Users/jantonio/IdeaProjects/springframework.guru/courses/micro/mssc-brewery-ws/mssc-beer-order-service/target/surefire 2020-08-11T14-57-11_819-jvmRun1 surefire7321733663320065606tmp surefire_09895733701026509046tmp"/>
    <property name="http.nonProxyHosts" value="local|*.local|169.254/16|*.169.254/16"/>
    <property name="jdk.debug" value="release"/>
    <property name="surefire.test.class.path" value="/Users/jantonio/IdeaProjects/springframework.guru/courses/micro/mssc-brewery-ws/mssc-beer-order-service/target/test-classes:/Users/jantonio/IdeaProjects/springframework.guru/courses/micro/mssc-brewery-ws/mssc-beer-order-service/target/classes:/Users/jantonio/.m2/repository/org/springframework/boot/spring-boot-starter-web/2.1.5.RELEASE/spring-boot-starter-web-2.1.5.RELEASE.jar:/Users/jantonio/.m2/repository/org/springframework/boot/spring-boot-starter-json/2.1.5.RELEASE/spring-boot-starter-json-2.1.5.RELEASE.jar:/Users/jantonio/.m2/repository/com/fasterxml/jackson/core/jackson-databind/2.9.8/jackson-databind-2.9.8.jar:/Users/jantonio/.m2/repository/com/fasterxml/jackson/datatype/jackson-datatype-jsr310/2.9.8/jackson-datatype-jsr310-2.9.8.jar:/Users/jantonio/.m2/repository/com/fasterxml/jackson/module/jackson-module-parameter-names/2.9.8/jackson-module-parameter-names-2.9.8.jar:/Users/jantonio/.m2/repository/org/springframework/boot/spring-boot-starter-tomcat/2.1.5.RELEASE/spring-boot-starter-tomcat-2.1.5.RELEASE.jar:/Users/jantonio/.m2/repository/org/apache/tomcat/embed/tomcat-embed-core/9.0.19/tomcat-embed-core-9.0.19.jar:/Users/jantonio/.m2/repository/org/apache/tomcat/embed/tomcat-embed-el/9.0.19/tomcat-embed-el-9.0.19.jar:/Users/jantonio/.m2/repository/org/apache/tomcat/embed/tomcat-embed-websocket/9.0.19/tomcat-embed-websocket-9.0.19.jar:/Users/jantonio/.m2/repository/org/hibernate/validator/hibernate-validator/6.0.16.Final/hibernate-validator-6.0.16.Final.jar:/Users/jantonio/.m2/repository/javax/validation/validation-api/2.0.1.Final/validation-api-2.0.1.Final.jar:/Users/jantonio/.m2/repository/org/jboss/logging/jboss-logging/3.3.2.Final/jboss-logging-3.3.2.Final.jar:/Users/jantonio/.m2/repository/com/fasterxml/classmate/1.4.0/classmate-1.4.0.jar:/Users/jantonio/.m2/repository/org/springframework/spring-web/5.1.7.RELEASE/spring-web-5.1.7.RELEASE.jar:/Users/jantonio/.m2/repository/org/springframework/spring-beans/5.1.7.RELEASE/spring-beans-5.1.7.RELEASE.jar:/Users/jantonio/.m2/repository/org/springframework/spring-webmvc/5.1.7.RELEASE/spring-webmvc-5.1.7.RELEASE.jar:/Users/jantonio/.m2/repository/org/springframework/spring-aop/5.1.7.RELEASE/spring-aop-5.1.7.RELEASE.jar:/Users/jantonio/.m2/repository/org/springframework/spring-context/5.1.7.RELEASE/spring-context-5.1.7.RELEASE.jar:/Users/jantonio/.m2/repository/org/springframework/spring-expression/5.1.7.RELEASE/spring-expression-5.1.7.RELEASE.jar:/Users/jantonio/.m2/repository/org/springframework/boot/spring-boot-starter-data-jpa/2.1.5.RELEASE/spring-boot-starter-data-jpa-2.1.5.RELEASE.jar:/Users/jantonio/.m2/repository/org/springframework/boot/spring-boot-starter-aop/2.1.5.RELEASE/spring-boot-starter-aop-2.1.5.RELEASE.jar:/Users/jantonio/.m2/repository/org/aspectj/aspectjweaver/1.9.4/aspectjweaver-1.9.4.jar:/Users/jantonio/.m2/repository/org/springframework/boot/spring-boot-starter-jdbc/2.1.5.RELEASE/spring-boot-starter-jdbc-2.1.5.RELEASE.jar:/Users/jantonio/.m2/repository/com/zaxxer/HikariCP/3.2.0/HikariCP-3.2.0.jar:/Users/jantonio/.m2/repository/org/springframework/spring-jdbc/5.1.7.RELEASE/spring-jdbc-5.1.7.RELEASE.jar:/Users/jantonio/.m2/repository/javax/transaction/javax.transaction-api/1.3/javax.transaction-api-1.3.jar:/Users/jantonio/.m2/repository/org/hibernate/hibernate-core/5.3.10.Final/hibernate-core-5.3.10.Final.jar:/Users/jantonio/.m2/repository/javax/persistence/javax.persistence-api/2.2/javax.persistence-api-2.2.jar:/Users/jantonio/.m2/repository/org/javassist/javassist/3.23.2-GA/javassist-3.23.2-GA.jar:/Users/jantonio/.m2/repository/net/bytebuddy/byte-buddy/1.9.12/byte-buddy-1.9.12.jar:/Users/jantonio/.m2/repository/antlr/antlr/2.7.7/antlr-2.7.7.jar:/Users/jantonio/.m2/repository/org/jboss/jandex/2.0.5.Final/jandex-2.0.5.Final.jar:/Users/jantonio/.m2/repository/javax/activation/javax.activation-api/1.2.0/javax.activation-api-1.2.0.jar:/Users/jantonio/.m2/repository/org/dom4j/dom4j/2.1.1/dom4j-2.1.1.jar:/Users/jantonio/.m2/repository/org/hibernate/common/hibernate-commons-annotations/5.0.4.Final/hibernate-commons-annotations-5.0.4.Final.jar:/Users/jantonio/.m2/repository/org/springframework/data/spring-data-jpa/2.1.8.RELEASE/spring-data-jpa-2.1.8.RELEASE.jar:/Users/jantonio/.m2/repository/org/springframework/data/spring-data-commons/2.1.8.RELEASE/spring-data-commons-2.1.8.RELEASE.jar:/Users/jantonio/.m2/repository/org/springframework/spring-orm/5.1.7.RELEASE/spring-orm-5.1.7.RELEASE.jar:/Users/jantonio/.m2/repository/org/springframework/spring-aspects/5.1.7.RELEASE/spring-aspects-5.1.7.RELEASE.jar:/Users/jantonio/.m2/repository/org/springframework/boot/spring-boot-starter-artemis/2.1.5.RELEASE/spring-boot-starter-artemis-2.1.5.RELEASE.jar:/Users/jantonio/.m2/repository/org/springframework/spring-jms/5.1.7.RELEASE/spring-jms-5.1.7.RELEASE.jar:/Users/jantonio/.m2/repository/org/apache/activemq/artemis-jms-client/2.6.4/artemis-jms-client-2.6.4.jar:/Users/jantonio/.m2/repository/org/apache/activemq/artemis-core-client/2.6.4/artemis-core-client-2.6.4.jar:/Users/jantonio/.m2/repository/org/jgroups/jgroups/3.6.13.Final/jgroups-3.6.13.Final.jar:/Users/jantonio/.m2/repository/org/apache/activemq/artemis-commons/2.6.4/artemis-commons-2.6.4.jar:/Users/jantonio/.m2/repository/commons-beanutils/commons-beanutils/1.9.3/commons-beanutils-1.9.3.jar:/Users/jantonio/.m2/repository/commons-collections/commons-collections/3.2.2/commons-collections-3.2.2.jar:/Users/jantonio/.m2/repository/org/apache/johnzon/johnzon-core/1.1.11/johnzon-core-1.1.11.jar:/Users/jantonio/.m2/repository/io/netty/netty-transport-native-epoll/4.1.36.Final/netty-transport-native-epoll-4.1.36.Final-linux-x86_64.jar:/Users/jantonio/.m2/repository/io/netty/netty-transport-native-unix-common/4.1.36.Final/netty-transport-native-unix-common-4.1.36.Final.jar:/Users/jantonio/.m2/repository/io/netty/netty-transport-native-kqueue/4.1.36.Final/netty-transport-native-kqueue-4.1.36.Final-osx-x86_64.jar:/Users/jantonio/.m2/repository/io/netty/netty-codec-http/4.1.36.Final/netty-codec-http-4.1.36.Final.jar:/Users/jantonio/.m2/repository/io/netty/netty-buffer/4.1.36.Final/netty-buffer-4.1.36.Final.jar:/Users/jantonio/.m2/repository/io/netty/netty-transport/4.1.36.Final/netty-transport-4.1.36.Final.jar:/Users/jantonio/.m2/repository/io/netty/netty-resolver/4.1.36.Final/netty-resolver-4.1.36.Final.jar:/Users/jantonio/.m2/repository/io/netty/netty-handler/4.1.36.Final/netty-handler-4.1.36.Final.jar:/Users/jantonio/.m2/repository/io/netty/netty-codec/4.1.36.Final/netty-codec-4.1.36.Final.jar:/Users/jantonio/.m2/repository/io/netty/netty-common/4.1.36.Final/netty-common-4.1.36.Final.jar:/Users/jantonio/.m2/repository/org/apache/activemq/artemis-selector/2.6.4/artemis-selector-2.6.4.jar:/Users/jantonio/.m2/repository/javax/jms/javax.jms-api/2.0.1/javax.jms-api-2.0.1.jar:/Users/jantonio/.m2/repository/javax/json/javax.json-api/1.1.4/javax.json-api-1.1.4.jar:/Users/jantonio/.m2/repository/com/h2database/h2/1.4.199/h2-1.4.199.jar:/Users/jantonio/.m2/repository/mysql/mysql-connector-java/8.0.16/mysql-connector-java-8.0.16.jar:/Users/jantonio/.m2/repository/javax/xml/bind/jaxb-api/2.3.0/jaxb-api-2.3.0.jar:/Users/jantonio/.m2/repository/com/sun/xml/bind/jaxb-core/2.3.0/jaxb-core-2.3.0.jar:/Users/jantonio/.m2/repository/com/sun/xml/bind/jaxb-impl/2.3.0/jaxb-impl-2.3.0.jar:/Users/jantonio/.m2/repository/org/springframework/boot/spring-boot-starter/2.1.5.RELEASE/spring-boot-starter-2.1.5.RELEASE.jar:/Users/jantonio/.m2/repository/org/springframework/boot/spring-boot/2.1.5.RELEASE/spring-boot-2.1.5.RELEASE.jar:/Users/jantonio/.m2/repository/org/springframework/boot/spring-boot-autoconfigure/2.1.5.RELEASE/spring-boot-autoconfigure-2.1.5.RELEASE.jar:/Users/jantonio/.m2/repository/org/springframework/boot/spring-boot-starter-logging/2.1.5.RELEASE/spring-boot-starter-logging-2.1.5.RELEASE.jar:/Users/jantonio/.m2/repository/ch/qos/logback/logback-classic/1.2.3/logback-classic-1.2.3.jar:/Users/jantonio/.m2/repository/ch/qos/logback/logback-core/1.2.3/logback-core-1.2.3.jar:/Users/jantonio/.m2/repository/org/apache/logging/log4j/log4j-to-slf4j/2.11.2/log4j-to-slf4j-2.11.2.jar:/Users/jantonio/.m2/repository/org/apache/logging/log4j/log4j-api/2.11.2/log4j-api-2.11.2.jar:/Users/jantonio/.m2/repository/org/slf4j/jul-to-slf4j/1.7.26/jul-to-slf4j-1.7.26.jar:/Users/jantonio/.m2/repository/javax/annotation/javax.annotation-api/1.3.2/javax.annotation-api-1.3.2.jar:/Users/jantonio/.m2/repository/org/springframework/spring-core/5.1.7.RELEASE/spring-core-5.1.7.RELEASE.jar:/Users/jantonio/.m2/repository/org/springframework/spring-jcl/5.1.7.RELEASE/spring-jcl-5.1.7.RELEASE.jar:/Users/jantonio/.m2/repository/org/yaml/snakeyaml/1.23/snakeyaml-1.23.jar:/Users/jantonio/.m2/repository/org/springframework/boot/spring-boot-starter-actuator/2.1.5.RELEASE/spring-boot-starter-actuator-2.1.5.RELEASE.jar:/Users/jantonio/.m2/repository/org/springframework/boot/spring-boot-actuator-autoconfigure/2.1.5.RELEASE/spring-boot-actuator-autoconfigure-2.1.5.RELEASE.jar:/Users/jantonio/.m2/repository/org/springframework/boot/spring-boot-actuator/2.1.5.RELEASE/spring-boot-actuator-2.1.5.RELEASE.jar:/Users/jantonio/.m2/repository/io/micrometer/micrometer-core/1.1.4/micrometer-core-1.1.4.jar:/Users/jantonio/.m2/repository/org/hdrhistogram/HdrHistogram/2.1.9/HdrHistogram-2.1.9.jar:/Users/jantonio/.m2/repository/org/latencyutils/LatencyUtils/2.0.3/LatencyUtils-2.0.3.jar:/Users/jantonio/.m2/repository/org/projectlombok/lombok/1.18.8/lombok-1.18.8.jar:/Users/jantonio/.m2/repository/org/mapstruct/mapstruct/1.3.0.Final/mapstruct-1.3.0.Final.jar:/Users/jantonio/.m2/repository/org/junit/jupiter/junit-jupiter-api/5.3.2/junit-jupiter-api-5.3.2.jar:/Users/jantonio/.m2/repository/org/apiguardian/apiguardian-api/1.0.0/apiguardian-api-1.0.0.jar:/Users/jantonio/.m2/repository/org/opentest4j/opentest4j/1.1.1/opentest4j-1.1.1.jar:/Users/jantonio/.m2/repository/org/junit/platform/junit-platform-commons/1.3.2/junit-platform-commons-1.3.2.jar:/Users/jantonio/.m2/repository/org/junit/jupiter/junit-jupiter-engine/5.3.2/junit-jupiter-engine-5.3.2.jar:/Users/jantonio/.m2/repository/org/junit/platform/junit-platform-engine/1.3.2/junit-platform-engine-1.3.2.jar:/Users/jantonio/.m2/repository/org/mockito/mockito-junit-jupiter/2.23.4/mockito-junit-jupiter-2.23.4.jar:/Users/jantonio/.m2/repository/org/mockito/mockito-core/2.23.4/mockito-core-2.23.4.jar:/Users/jantonio/.m2/repository/net/bytebuddy/byte-buddy-agent/1.9.12/byte-buddy-agent-1.9.12.jar:/Users/jantonio/.m2/repository/org/awaitility/awaitility/3.1.6/awaitility-3.1.6.jar:/Users/jantonio/.m2/repository/org/hamcrest/hamcrest-library/1.3/hamcrest-library-1.3.jar:/Users/jantonio/.m2/repository/org/hamcrest/hamcrest-core/1.3/hamcrest-core-1.3.jar:/Users/jantonio/.m2/repository/org/objenesis/objenesis/2.6/objenesis-2.6.jar:/Users/jantonio/.m2/repository/org/spockframework/spock-spring/1.3-groovy-2.5/spock-spring-1.3-groovy-2.5.jar:/Users/jantonio/.m2/repository/org/codehaus/groovy/groovy/2.5.7/groovy-2.5.7.jar:/Users/jantonio/.m2/repository/org/codehaus/groovy/groovy-json/2.5.7/groovy-json-2.5.7.jar:/Users/jantonio/.m2/repository/org/codehaus/groovy/groovy-nio/2.5.7/groovy-nio-2.5.7.jar:/Users/jantonio/.m2/repository/org/codehaus/groovy/groovy-macro/2.5.7/groovy-macro-2.5.7.jar:/Users/jantonio/.m2/repository/org/codehaus/groovy/groovy-templates/2.5.7/groovy-templates-2.5.7.jar:/Users/jantonio/.m2/repository/org/codehaus/groovy/groovy-test/2.5.7/groovy-test-2.5.7.jar:/Users/jantonio/.m2/repository/org/codehaus/groovy/groovy-sql/2.5.7/groovy-sql-2.5.7.jar:/Users/jantonio/.m2/repository/org/codehaus/groovy/groovy-xml/2.5.7/groovy-xml-2.5.7.jar:/Users/jantonio/.m2/repository/org/spockframework/spock-core/1.3-groovy-2.5/spock-core-1.3-groovy-2.5.jar:/Users/jantonio/.m2/repository/junit/junit/4.12/junit-4.12.jar:/Users/jantonio/.m2/repository/com/github/JensPiegsa/wiremock-extension/0.4.0/wiremock-extension-0.4.0.jar:/Users/jantonio/.m2/repository/com/github/tomakehurst/wiremock/2.19.0/wiremock-2.19.0.jar:/Users/jantonio/.m2/repository/org/eclipse/jetty/jetty-server/9.4.18.v20190429/jetty-server-9.4.18.v20190429.jar:/Users/jantonio/.m2/repository/javax/servlet/javax.servlet-api/4.0.1/javax.servlet-api-4.0.1.jar:/Users/jantonio/.m2/repository/org/eclipse/jetty/jetty-http/9.4.18.v20190429/jetty-http-9.4.18.v20190429.jar:/Users/jantonio/.m2/repository/org/eclipse/jetty/jetty-io/9.4.18.v20190429/jetty-io-9.4.18.v20190429.jar:/Users/jantonio/.m2/repository/org/eclipse/jetty/jetty-servlet/9.4.18.v20190429/jetty-servlet-9.4.18.v20190429.jar:/Users/jantonio/.m2/repository/org/eclipse/jetty/jetty-security/9.4.18.v20190429/jetty-security-9.4.18.v20190429.jar:/Users/jantonio/.m2/repository/org/eclipse/jetty/jetty-servlets/9.4.18.v20190429/jetty-servlets-9.4.18.v20190429.jar:/Users/jantonio/.m2/repository/org/eclipse/jetty/jetty-continuation/9.4.18.v20190429/jetty-continuation-9.4.18.v20190429.jar:/Users/jantonio/.m2/repository/org/eclipse/jetty/jetty-util/9.4.18.v20190429/jetty-util-9.4.18.v20190429.jar:/Users/jantonio/.m2/repository/org/eclipse/jetty/jetty-webapp/9.4.18.v20190429/jetty-webapp-9.4.18.v20190429.jar:/Users/jantonio/.m2/repository/org/eclipse/jetty/jetty-xml/9.4.18.v20190429/jetty-xml-9.4.18.v20190429.jar:/Users/jantonio/.m2/repository/com/fasterxml/jackson/core/jackson-core/2.9.8/jackson-core-2.9.8.jar:/Users/jantonio/.m2/repository/com/fasterxml/jackson/core/jackson-annotations/2.9.0/jackson-annotations-2.9.0.jar:/Users/jantonio/.m2/repository/org/apache/httpcomponents/httpclient/4.5.8/httpclient-4.5.8.jar:/Users/jantonio/.m2/repository/org/apache/httpcomponents/httpcore/4.4.11/httpcore-4.4.11.jar:/Users/jantonio/.m2/repository/commons-codec/commons-codec/1.11/commons-codec-1.11.jar:/Users/jantonio/.m2/repository/org/xmlunit/xmlunit-legacy/2.6.2/xmlunit-legacy-2.6.2.jar:/Users/jantonio/.m2/repository/net/sf/jopt-simple/jopt-simple/5.0.3/jopt-simple-5.0.3.jar:/Users/jantonio/.m2/repository/org/apache/commons/commons-lang3/3.8.1/commons-lang3-3.8.1.jar:/Users/jantonio/.m2/repository/com/flipkart/zjsonpatch/zjsonpatch/0.4.4/zjsonpatch-0.4.4.jar:/Users/jantonio/.m2/repository/com/github/jknack/handlebars/4.0.7/handlebars-4.0.7.jar:/Users/jantonio/.m2/repository/com/github/jknack/handlebars-helpers/4.0.7/handlebars-helpers-4.0.7.jar:/Users/jantonio/.m2/repository/org/springframework/statemachine/spring-statemachine-core/2.1.2.RELEASE/spring-statemachine-core-2.1.2.RELEASE.jar:/Users/jantonio/.m2/repository/org/springframework/spring-tx/5.1.7.RELEASE/spring-tx-5.1.7.RELEASE.jar:/Users/jantonio/.m2/repository/org/springframework/spring-messaging/5.1.7.RELEASE/spring-messaging-5.1.7.RELEASE.jar:/Users/jantonio/.m2/repository/com/atlassian/oai/swagger-request-validator-core/2.3.0/swagger-request-validator-core-2.3.0.jar:/Users/jantonio/.m2/repository/io/swagger/parser/v3/swagger-parser/2.0.5/swagger-parser-2.0.5.jar:/Users/jantonio/.m2/repository/io/swagger/parser/v3/swagger-parser-v2-converter/2.0.5/swagger-parser-v2-converter-2.0.5.jar:/Users/jantonio/.m2/repository/io/swagger/swagger-parser/1.0.39/swagger-parser-1.0.39.jar:/Users/jantonio/.m2/repository/io/swagger/swagger-core/1.5.21/swagger-core-1.5.21.jar:/Users/jantonio/.m2/repository/io/swagger/swagger-models/1.5.21/swagger-models-1.5.21.jar:/Users/jantonio/.m2/repository/io/swagger/swagger-annotations/1.5.21/swagger-annotations-1.5.21.jar:/Users/jantonio/.m2/repository/io/swagger/swagger-compat-spec-parser/1.0.39/swagger-compat-spec-parser-1.0.39.jar:/Users/jantonio/.m2/repository/com/github/fge/json-patch/1.6/json-patch-1.6.jar:/Users/jantonio/.m2/repository/io/swagger/core/v3/swagger-models/2.0.4/swagger-models-2.0.4.jar:/Users/jantonio/.m2/repository/io/swagger/parser/v3/swagger-parser-core/2.0.5/swagger-parser-core-2.0.5.jar:/Users/jantonio/.m2/repository/io/swagger/parser/v3/swagger-parser-v3/2.0.5/swagger-parser-v3-2.0.5.jar:/Users/jantonio/.m2/repository/io/swagger/core/v3/swagger-core/2.0.5/swagger-core-2.0.5.jar:/Users/jantonio/.m2/repository/io/swagger/core/v3/swagger-annotations/2.0.5/swagger-annotations-2.0.5.jar:/Users/jantonio/.m2/repository/com/fasterxml/jackson/dataformat/jackson-dataformat-yaml/2.9.8/jackson-dataformat-yaml-2.9.8.jar:/Users/jantonio/.m2/repository/org/slf4j/slf4j-ext/1.7.26/slf4j-ext-1.7.26.jar:/Users/jantonio/.m2/repository/commons-io/commons-io/2.4/commons-io-2.4.jar:/Users/jantonio/.m2/repository/com/github/java-json-tools/json-schema-validator/2.2.8/json-schema-validator-2.2.8.jar:/Users/jantonio/.m2/repository/com/github/java-json-tools/json-schema-core/1.2.8/json-schema-core-1.2.8.jar:/Users/jantonio/.m2/repository/org/mozilla/rhino/1.7R4/rhino-1.7R4.jar:/Users/jantonio/.m2/repository/com/github/fge/jackson-coreutils/1.8/jackson-coreutils-1.8.jar:/Users/jantonio/.m2/repository/com/github/fge/msg-simple/1.1/msg-simple-1.1.jar:/Users/jantonio/.m2/repository/com/github/fge/btf/1.2/btf-1.2.jar:/Users/jantonio/.m2/repository/com/github/fge/uri-template/0.9/uri-template-0.9.jar:/Users/jantonio/.m2/repository/javax/mail/mailapi/1.4.3/mailapi-1.4.3.jar:/Users/jantonio/.m2/repository/javax/activation/activation/1.1/activation-1.1.jar:/Users/jantonio/.m2/repository/joda-time/joda-time/2.10.2/joda-time-2.10.2.jar:/Users/jantonio/.m2/repository/com/googlecode/libphonenumber/libphonenumber/8.0.0/libphonenumber-8.0.0.jar:/Users/jantonio/.m2/repository/org/slf4j/slf4j-api/1.7.26/slf4j-api-1.7.26.jar:/Users/jantonio/.m2/repository/com/google/guava/guava/23.0/guava-23.0.jar:/Users/jantonio/.m2/repository/com/google/errorprone/error_prone_annotations/2.0.18/error_prone_annotations-2.0.18.jar:/Users/jantonio/.m2/repository/com/google/j2objc/j2objc-annotations/1.1/j2objc-annotations-1.1.jar:/Users/jantonio/.m2/repository/org/codehaus/mojo/animal-sniffer-annotations/1.14/animal-sniffer-annotations-1.14.jar:/Users/jantonio/.m2/repository/com/google/code/findbugs/jsr305/3.0.2/jsr305-3.0.2.jar:/Users/jantonio/.m2/repository/com/fasterxml/jackson/datatype/jackson-datatype-jdk8/2.9.8/jackson-datatype-jdk8-2.9.8.jar:/Users/jantonio/.m2/repository/com/atlassian/oai/swagger-request-validator-mockmvc/2.3.0/swagger-request-validator-mockmvc-2.3.0.jar:/Users/jantonio/.m2/repository/org/springframework/spring-test/5.1.7.RELEASE/spring-test-5.1.7.RELEASE.jar:/Users/jantonio/.m2/repository/com/atlassian/oai/swagger-request-validator-springmvc/2.3.0/swagger-request-validator-springmvc-2.3.0.jar:/Users/jantonio/.m2/repository/org/springframework/boot/spring-boot-starter-test/2.1.5.RELEASE/spring-boot-starter-test-2.1.5.RELEASE.jar:/Users/jantonio/.m2/repository/org/springframework/boot/spring-boot-test/2.1.5.RELEASE/spring-boot-test-2.1.5.RELEASE.jar:/Users/jantonio/.m2/repository/org/springframework/boot/spring-boot-test-autoconfigure/2.1.5.RELEASE/spring-boot-test-autoconfigure-2.1.5.RELEASE.jar:/Users/jantonio/.m2/repository/com/jayway/jsonpath/json-path/2.4.0/json-path-2.4.0.jar:/Users/jantonio/.m2/repository/net/minidev/json-smart/2.3/json-smart-2.3.jar:/Users/jantonio/.m2/repository/net/minidev/accessors-smart/1.2/accessors-smart-1.2.jar:/Users/jantonio/.m2/repository/org/ow2/asm/asm/5.0.4/asm-5.0.4.jar:/Users/jantonio/.m2/repository/org/assertj/assertj-core/3.11.1/assertj-core-3.11.1.jar:/Users/jantonio/.m2/repository/org/skyscreamer/jsonassert/1.5.0/jsonassert-1.5.0.jar:/Users/jantonio/.m2/repository/com/vaadin/external/google/android-json/0.0.20131108.vaadin1/android-json-0.0.20131108.vaadin1.jar:/Users/jantonio/.m2/repository/org/xmlunit/xmlunit-core/2.6.2/xmlunit-core-2.6.2.jar:"/>
    <property name="sun.cpu.endian" value="little"/>
    <property name="user.home" value="/Users/jantonio"/>
    <property name="user.language" value="en"/>
    <property name="java.specification.vendor" value="Oracle Corporation"/>
    <property name="java.version.date" value="2020-04-14"/>
    <property name="java.home" value="/Library/Java/JavaVirtualMachines/jdk-14.0.1.jdk/Contents/Home"/>
    <property name="file.separator" value="/"/>
    <property name="basedir" value="/Users/jantonio/IdeaProjects/springframework.guru/courses/micro/mssc-brewery-ws/mssc-beer-order-service"/>
    <property name="java.vm.compressedOopsMode" value="Zero based"/>
    <property name="line.separator" value="&#10;"/>
    <property name="java.specification.name" value="Java Platform API Specification"/>
    <property name="java.vm.specification.vendor" value="Oracle Corporation"/>
    <property name="surefire.real.class.path" value="/Users/jantonio/IdeaProjects/springframework.guru/courses/micro/mssc-brewery-ws/mssc-beer-order-service/target/surefire/surefirebooter1849023228319881413.jar"/>
    <property name="sun.management.compiler" value="HotSpot 64-Bit Tiered Compilers"/>
    <property name="ftp.nonProxyHosts" value="local|*.local|169.254/16|*.169.254/16"/>
    <property name="java.runtime.version" value="14.0.1+7"/>
    <property name="user.name" value="jantonio"/>
    <property name="path.separator" value=":"/>
    <property name="os.version" value="10.15.6"/>
    <property name="java.runtime.name" value="Java(TM) SE Runtime Environment"/>
    <property name="file.encoding" value="UTF-8"/>
    <property name="java.vm.name" value="Java HotSpot(TM) 64-Bit Server VM"/>
    <property name="localRepository" value="/Users/jantonio/.m2/repository"/>
    <property name="java.vendor.url.bug" value="https://bugreport.java.com/bugreport/"/>
    <property name="java.io.tmpdir" value="/var/folders/x8/_wfrkbf94m5f4zwdp6223ss80000gn/T/"/>
    <property name="idea.version" value="2020.2"/>
    <property name="java.version" value="14.0.1"/>
    <property name="user.dir" value="/Users/jantonio/IdeaProjects/springframework.guru/courses/micro/mssc-brewery-ws/mssc-beer-order-service"/>
    <property name="os.arch" value="x86_64"/>
    <property name="java.vm.specification.name" value="Java Virtual Machine Specification"/>
    <property name="java.library.path" value="/Users/jantonio/Library/Java/Extensions:/Library/Java/Extensions:/Network/Library/Java/Extensions:/System/Library/Java/Extensions:/usr/lib/java:."/>
    <property name="java.vm.info" value="mixed mode, sharing"/>
    <property name="java.vendor" value="Oracle Corporation"/>
    <property name="java.vm.version" value="14.0.1+7"/>
    <property name="sun.io.unicode.encoding" value="UnicodeBig"/>
    <property name="socksNonProxyHosts" value="local|*.local|169.254/16|*.169.254/16"/>
    <property name="java.class.version" value="58.0"/>
  </properties>
  <testcase name="contextLoads" classname="guru.sfg.beer.order.service.BeerOrderServiceApplicationTests" time="0.006">
    <error message="Could not initialize class org.codehaus.groovy.reflection.ReflectionCache" type="java.lang.NoClassDefFoundError">java.lang.NoClassDefFoundError: Could not initialize class org.codehaus.groovy.reflection.ReflectionCache
</error>
    <system-out><![CDATA[14:57:14.306 [main] DEBUG org.springframework.test.context.BootstrapUtils - Instantiating CacheAwareContextLoaderDelegate from class [org.springframework.test.context.cache.DefaultCacheAwareContextLoaderDelegate]
14:57:14.383 [main] DEBUG org.springframework.test.context.BootstrapUtils - Instantiating BootstrapContext using constructor [public org.springframework.test.context.support.DefaultBootstrapContext(java.lang.Class,org.springframework.test.context.CacheAwareContextLoaderDelegate)]
14:57:14.409 [main] DEBUG org.springframework.test.context.BootstrapUtils - Instantiating TestContextBootstrapper for test class [guru.sfg.beer.order.service.BeerOrderServiceApplicationTests] from class [org.springframework.boot.test.context.SpringBootTestContextBootstrapper]
14:57:14.490 [main] INFO org.springframework.boot.test.context.SpringBootTestContextBootstrapper - Neither @ContextConfiguration nor @ContextHierarchy found for test class [guru.sfg.beer.order.service.BeerOrderServiceApplicationTests], using SpringBootContextLoader
14:57:14.521 [main] DEBUG org.springframework.test.context.support.AbstractContextLoader - Did not detect default resource location for test class [guru.sfg.beer.order.service.BeerOrderServiceApplicationTests]: class path resource [guru/sfg/beer/order/service/BeerOrderServiceApplicationTests-context.xml] does not exist
14:57:14.522 [main] DEBUG org.springframework.test.context.support.AbstractContextLoader - Did not detect default resource location for test class [guru.sfg.beer.order.service.BeerOrderServiceApplicationTests]: class path resource [guru/sfg/beer/order/service/BeerOrderServiceApplicationTestsContext.groovy] does not exist
14:57:14.522 [main] INFO org.springframework.test.context.support.AbstractContextLoader - Could not detect default resource locations for test class [guru.sfg.beer.order.service.BeerOrderServiceApplicationTests]: no resource found for suffixes {-context.xml, Context.groovy}.
14:57:14.523 [main] INFO org.springframework.test.context.support.AnnotationConfigContextLoaderUtils - Could not detect default configuration classes for test class [guru.sfg.beer.order.service.BeerOrderServiceApplicationTests]: BeerOrderServiceApplicationTests does not declare any static, non-private, non-final, nested classes annotated with @Configuration.
14:57:14.747 [main] DEBUG org.springframework.test.context.support.ActiveProfilesUtils - Could not find an 'annotation declaring class' for annotation type [org.springframework.test.context.ActiveProfiles] and class [guru.sfg.beer.order.service.BeerOrderServiceApplicationTests]
14:57:14.840 [main] DEBUG org.springframework.context.annotation.ClassPathScanningCandidateComponentProvider - Identified candidate component class: file [/Users/jantonio/IdeaProjects/springframework.guru/courses/micro/mssc-brewery-ws/mssc-beer-order-service/target/classes/guru/sfg/beer/order/service/BeerOrderServiceApplication.class]
14:57:14.841 [main] INFO org.springframework.boot.test.context.SpringBootTestContextBootstrapper - Found @SpringBootConfiguration guru.sfg.beer.order.service.BeerOrderServiceApplication for test class guru.sfg.beer.order.service.BeerOrderServiceApplicationTests
14:57:15.108 [main] DEBUG org.springframework.boot.test.context.SpringBootTestContextBootstrapper - @TestExecutionListeners is not present for class [guru.sfg.beer.order.service.BeerOrderServiceApplicationTests]: using defaults.
14:57:15.109 [main] INFO org.springframework.boot.test.context.SpringBootTestContextBootstrapper - Loaded default TestExecutionListener class names from location [META-INF/spring.factories]: [org.spockframework.spring.SpringMockTestExecutionListener, org.springframework.test.context.web.ServletTestExecutionListener, org.springframework.test.context.support.DirtiesContextBeforeModesTestExecutionListener, org.springframework.test.context.support.DependencyInjectionTestExecutionListener, org.springframework.test.context.support.DirtiesContextTestExecutionListener, org.springframework.test.context.transaction.TransactionalTestExecutionListener, org.springframework.test.context.jdbc.SqlScriptsTestExecutionListener, org.springframework.boot.test.mock.mockito.MockitoTestExecutionListener, org.springframework.boot.test.mock.mockito.ResetMocksTestExecutionListener, org.springframework.boot.test.autoconfigure.restdocs.RestDocsTestExecutionListener, org.springframework.boot.test.autoconfigure.web.client.MockRestServiceServerResetTestExecutionListener, org.springframework.boot.test.autoconfigure.web.servlet.MockMvcPrintOnlyOnFailureTestExecutionListener, org.springframework.boot.test.autoconfigure.web.servlet.WebDriverTestExecutionListener]
14:57:15.211 [main] INFO org.springframework.boot.test.context.SpringBootTestContextBootstrapper - Using TestExecutionListeners: [org.springframework.test.context.web.ServletTestExecutionListener@36d7a68a, org.springframework.test.context.support.DirtiesContextBeforeModesTestExecutionListener@42dd7d82, org.springframework.boot.test.mock.mockito.MockitoTestExecutionListener@2838eb, org.springframework.boot.test.autoconfigure.SpringBootDependencyInjectionTestExecutionListener@fb5d334, org.springframework.test.context.support.DirtiesContextTestExecutionListener@45dc7be, org.springframework.test.context.transaction.TransactionalTestExecutionListener@2d459bda, org.springframework.test.context.jdbc.SqlScriptsTestExecutionListener@6ceb11f9, org.springframework.boot.test.mock.mockito.ResetMocksTestExecutionListener@4d664323, org.springframework.boot.test.autoconfigure.restdocs.RestDocsTestExecutionListener@27ec0d06, org.springframework.boot.test.autoconfigure.web.client.MockRestServiceServerResetTestExecutionListener@2676d96a, org.springframework.boot.test.autoconfigure.web.servlet.MockMvcPrintOnlyOnFailureTestExecutionListener@12266084, org.springframework.boot.test.autoconfigure.web.servlet.WebDriverTestExecutionListener@6da646b8, org.spockframework.spring.SpringMockTestExecutionListener@2a65e237]
14:57:15.216 [main] DEBUG org.springframework.test.context.support.AbstractDirtiesContextTestExecutionListener - Before test class: context [DefaultTestContext@398f0516 testClass = BeerOrderServiceApplicationTests, testInstance = [null], testMethod = [null], testException = [null], mergedContextConfiguration = [WebMergedContextConfiguration@4a7db5a testClass = BeerOrderServiceApplicationTests, locations = '{}', classes = '{class guru.sfg.beer.order.service.BeerOrderServiceApplication}', contextInitializerClasses = '[]', activeProfiles = '{}', propertySourceLocations = '{}', propertySourceProperties = '{org.springframework.boot.test.context.SpringBootTestContextBootstrapper=true}', contextCustomizers = set[org.spockframework.spring.mock.SpockContextCustomizer@0, org.springframework.boot.test.context.filter.ExcludeFilterContextCustomizer@4086d8fb, org.springframework.boot.test.json.DuplicateJsonObjectContextCustomizerFactory$DuplicateJsonObjectContextCustomizer@134ff8f8, org.springframework.boot.test.mock.mockito.MockitoContextCustomizer@0, org.springframework.boot.test.web.client.TestRestTemplateContextCustomizer@777d191f, org.springframework.boot.test.autoconfigure.properties.PropertyMappingContextCustomizer@0, org.springframework.boot.test.autoconfigure.web.servlet.WebDriverContextCustomizerFactory$Customizer@6f1b8544], resourceBasePath = 'src/main/webapp', contextLoader = 'org.springframework.boot.test.context.SpringBootContextLoader', parent = [null]], attributes = map['org.springframework.test.context.web.ServletTestExecutionListener.activateListener' -> true]], class annotated with @DirtiesContext [false] with mode [null].
14:57:15.247 [main] DEBUG org.springframework.test.context.support.TestPropertySourceUtils - Adding inlined properties to environment: {spring.jmx.enabled=false, org.springframework.boot.test.context.SpringBootTestContextBootstrapper=true, server.port=-1}

  .   ____          _            __ _ _
 /\\ / ___'_ __ _ _(_)_ __  __ _ \ \ \ \
( ( )\___ | '_ | '_| | '_ \/ _` | \ \ \ \
 \\/  ___)| |_)| | | | | || (_| |  ) ) ) )
  '  |____| .__|_| |_|_| |_\__, | / / / /
 =========|_|==============|___/=/_/_/_/
 :: Spring Boot ::        (v2.1.5.RELEASE)

2020-08-11 14:57:15.964  INFO 5047 --- [           main] s.b.o.s.BeerOrderServiceApplicationTests : Starting BeerOrderServiceApplicationTests on SBCA-002-iMac.local with PID 5047 (started by jantonio in /Users/jantonio/IdeaProjects/springframework.guru/courses/micro/mssc-brewery-ws/mssc-beer-order-service)
2020-08-11 14:57:15.964 DEBUG 5047 --- [           main] s.b.o.s.BeerOrderServiceApplicationTests : Running with Spring Boot v2.1.5.RELEASE, Spring v5.1.7.RELEASE
2020-08-11 14:57:15.965  INFO 5047 --- [           main] s.b.o.s.BeerOrderServiceApplicationTests : No active profile set, falling back to default profiles: default
2020-08-11 14:57:17.549 ERROR 5047 --- [           main] o.s.boot.SpringApplication               : Application run failed

java.lang.NoClassDefFoundError: Could not initialize class org.codehaus.groovy.reflection.ReflectionCache
	at org.codehaus.groovy.runtime.dgmimpl.NumberNumberMetaMethod.<clinit>(NumberNumberMetaMethod.java:33) ~[groovy-2.5.7.jar:2.5.7]
	at java.base/jdk.internal.reflect.NativeConstructorAccessorImpl.newInstance0(Native Method) ~[na:na]
	at java.base/jdk.internal.reflect.NativeConstructorAccessorImpl.newInstance(NativeConstructorAccessorImpl.java:62) ~[na:na]
	at java.base/jdk.internal.reflect.DelegatingConstructorAccessorImpl.newInstance(DelegatingConstructorAccessorImpl.java:45) ~[na:na]
	at java.base/java.lang.reflect.Constructor.newInstanceWithCaller(Constructor.java:500) ~[na:na]
	at java.base/java.lang.reflect.ReflectAccess.newInstance(ReflectAccess.java:124) ~[na:na]
	at java.base/jdk.internal.reflect.ReflectionFactory.newInstance(ReflectionFactory.java:346) ~[na:na]
	at java.base/java.lang.Class.newInstance(Class.java:604) ~[na:na]
	at org.codehaus.groovy.runtime.metaclass.MetaClassRegistryImpl.createMetaMethodFromClass(MetaClassRegistryImpl.java:257) ~[groovy-2.5.7.jar:2.5.7]
	at org.codehaus.groovy.runtime.metaclass.MetaClassRegistryImpl.<init>(MetaClassRegistryImpl.java:110) ~[groovy-2.5.7.jar:2.5.7]
	at org.codehaus.groovy.runtime.metaclass.MetaClassRegistryImpl.<init>(MetaClassRegistryImpl.java:85) ~[groovy-2.5.7.jar:2.5.7]
	at groovy.lang.GroovySystem.<clinit>(GroovySystem.java:36) ~[groovy-2.5.7.jar:2.5.7]
	at org.springframework.beans.factory.groovy.GroovyBeanDefinitionReader.<init>(GroovyBeanDefinitionReader.java:150) ~[spring-beans-5.1.7.RELEASE.jar:5.1.7.RELEASE]
	at org.springframework.boot.BeanDefinitionLoader.<init>(BeanDefinitionLoader.java:84) ~[spring-boot-2.1.5.RELEASE.jar:2.1.5.RELEASE]
	at org.springframework.boot.SpringApplication.createBeanDefinitionLoader(SpringApplication.java:766) ~[spring-boot-2.1.5.RELEASE.jar:2.1.5.RELEASE]
	at org.springframework.boot.SpringApplication.load(SpringApplication.java:706) ~[spring-boot-2.1.5.RELEASE.jar:2.1.5.RELEASE]
	at org.springframework.boot.SpringApplication.prepareContext(SpringApplication.java:392) ~[spring-boot-2.1.5.RELEASE.jar:2.1.5.RELEASE]
	at org.springframework.boot.SpringApplication.run(SpringApplication.java:314) ~[spring-boot-2.1.5.RELEASE.jar:2.1.5.RELEASE]
	at org.springframework.boot.test.context.SpringBootContextLoader.loadContext(SpringBootContextLoader.java:127) ~[spring-boot-test-2.1.5.RELEASE.jar:2.1.5.RELEASE]
	at org.springframework.test.context.cache.DefaultCacheAwareContextLoaderDelegate.loadContextInternal(DefaultCacheAwareContextLoaderDelegate.java:99) ~[spring-test-5.1.7.RELEASE.jar:5.1.7.RELEASE]
	at org.springframework.test.context.cache.DefaultCacheAwareContextLoaderDelegate.loadContext(DefaultCacheAwareContextLoaderDelegate.java:117) ~[spring-test-5.1.7.RELEASE.jar:5.1.7.RELEASE]
	at org.springframework.test.context.support.DefaultTestContext.getApplicationContext(DefaultTestContext.java:108) ~[spring-test-5.1.7.RELEASE.jar:5.1.7.RELEASE]
	at org.springframework.test.context.web.ServletTestExecutionListener.setUpRequestContextIfNecessary(ServletTestExecutionListener.java:190) ~[spring-test-5.1.7.RELEASE.jar:5.1.7.RELEASE]
	at org.springframework.test.context.web.ServletTestExecutionListener.prepareTestInstance(ServletTestExecutionListener.java:132) ~[spring-test-5.1.7.RELEASE.jar:5.1.7.RELEASE]
	at org.springframework.test.context.TestContextManager.prepareTestInstance(TestContextManager.java:246) ~[spring-test-5.1.7.RELEASE.jar:5.1.7.RELEASE]
	at org.springframework.test.context.junit.jupiter.SpringExtension.postProcessTestInstance(SpringExtension.java:97) ~[spring-test-5.1.7.RELEASE.jar:5.1.7.RELEASE]
	at org.junit.jupiter.engine.descriptor.ClassTestDescriptor.lambda$invokeTestInstancePostProcessors$5(ClassTestDescriptor.java:349) ~[junit-jupiter-engine-5.3.2.jar:5.3.2]
	at org.junit.jupiter.engine.descriptor.JupiterTestDescriptor.executeAndMaskThrowable(JupiterTestDescriptor.java:215) ~[junit-jupiter-engine-5.3.2.jar:5.3.2]
	at org.junit.jupiter.engine.descriptor.ClassTestDescriptor.lambda$invokeTestInstancePostProcessors$6(ClassTestDescriptor.java:349) ~[junit-jupiter-engine-5.3.2.jar:5.3.2]
	at java.base/java.util.stream.ReferencePipeline$3$1.accept(ReferencePipeline.java:195) ~[na:na]
	at java.base/java.util.stream.ReferencePipeline$2$1.accept(ReferencePipeline.java:177) ~[na:na]
	at java.base/java.util.ArrayList$ArrayListSpliterator.forEachRemaining(ArrayList.java:1624) ~[na:na]
	at java.base/java.util.stream.AbstractPipeline.copyInto(AbstractPipeline.java:484) ~[na:na]
	at java.base/java.util.stream.AbstractPipeline.wrapAndCopyInto(AbstractPipeline.java:474) ~[na:na]
	at java.base/java.util.stream.StreamSpliterators$WrappingSpliterator.forEachRemaining(StreamSpliterators.java:312) ~[na:na]
	at java.base/java.util.stream.Streams$ConcatSpliterator.forEachRemaining(Streams.java:735) ~[na:na]
	at java.base/java.util.stream.Streams$ConcatSpliterator.forEachRemaining(Streams.java:734) ~[na:na]
	at java.base/java.util.stream.ReferencePipeline$Head.forEach(ReferencePipeline.java:658) ~[na:na]
	at org.junit.jupiter.engine.descriptor.ClassTestDescriptor.invokeTestInstancePostProcessors(ClassTestDescriptor.java:348) ~[junit-jupiter-engine-5.3.2.jar:5.3.2]
	at org.junit.jupiter.engine.descriptor.ClassTestDescriptor.instantiateAndPostProcessTestInstance(ClassTestDescriptor.java:270) ~[junit-jupiter-engine-5.3.2.jar:5.3.2]
	at org.junit.jupiter.engine.descriptor.ClassTestDescriptor.lambda$testInstanceProvider$2(ClassTestDescriptor.java:259) ~[junit-jupiter-engine-5.3.2.jar:5.3.2]
	at org.junit.jupiter.engine.descriptor.ClassTestDescriptor.lambda$testInstanceProvider$3(ClassTestDescriptor.java:263) ~[junit-jupiter-engine-5.3.2.jar:5.3.2]
	at java.base/java.util.Optional.orElseGet(Optional.java:362) ~[na:na]
	at org.junit.jupiter.engine.descriptor.ClassTestDescriptor.lambda$testInstanceProvider$4(ClassTestDescriptor.java:262) ~[junit-jupiter-engine-5.3.2.jar:5.3.2]
	at org.junit.jupiter.engine.descriptor.TestMethodTestDescriptor.prepare(TestMethodTestDescriptor.java:82) ~[junit-jupiter-engine-5.3.2.jar:5.3.2]
	at org.junit.jupiter.engine.descriptor.TestMethodTestDescriptor.prepare(TestMethodTestDescriptor.java:59) ~[junit-jupiter-engine-5.3.2.jar:5.3.2]
	at org.junit.platform.engine.support.hierarchical.NodeTestTask.lambda$prepare$0(NodeTestTask.java:83) ~[junit-platform-engine-1.3.2.jar:1.3.2]
	at org.junit.platform.engine.support.hierarchical.ThrowableCollector.execute(ThrowableCollector.java:72) ~[junit-platform-engine-1.3.2.jar:1.3.2]
	at org.junit.platform.engine.support.hierarchical.NodeTestTask.prepare(NodeTestTask.java:83) ~[junit-platform-engine-1.3.2.jar:1.3.2]
	at org.junit.platform.engine.support.hierarchical.NodeTestTask.execute(NodeTestTask.java:69) ~[junit-platform-engine-1.3.2.jar:1.3.2]
	at java.base/java.util.ArrayList.forEach(ArrayList.java:1510) ~[na:na]
	at org.junit.platform.engine.support.hierarchical.SameThreadHierarchicalTestExecutorService.invokeAll(SameThreadHierarchicalTestExecutorService.java:38) ~[junit-platform-engine-1.3.2.jar:1.3.2]
	at org.junit.platform.engine.support.hierarchical.NodeTestTask.lambda$executeRecursively$4(NodeTestTask.java:112) ~[junit-platform-engine-1.3.2.jar:1.3.2]
	at org.junit.platform.engine.support.hierarchical.ThrowableCollector.execute(ThrowableCollector.java:72) ~[junit-platform-engine-1.3.2.jar:1.3.2]
	at org.junit.platform.engine.support.hierarchical.NodeTestTask.executeRecursively(NodeTestTask.java:98) ~[junit-platform-engine-1.3.2.jar:1.3.2]
	at org.junit.platform.engine.support.hierarchical.NodeTestTask.execute(NodeTestTask.java:74) ~[junit-platform-engine-1.3.2.jar:1.3.2]
	at java.base/java.util.ArrayList.forEach(ArrayList.java:1510) ~[na:na]
	at org.junit.platform.engine.support.hierarchical.SameThreadHierarchicalTestExecutorService.invokeAll(SameThreadHierarchicalTestExecutorService.java:38) ~[junit-platform-engine-1.3.2.jar:1.3.2]
	at org.junit.platform.engine.support.hierarchical.NodeTestTask.lambda$executeRecursively$4(NodeTestTask.java:112) ~[junit-platform-engine-1.3.2.jar:1.3.2]
	at org.junit.platform.engine.support.hierarchical.ThrowableCollector.execute(ThrowableCollector.java:72) ~[junit-platform-engine-1.3.2.jar:1.3.2]
	at org.junit.platform.engine.support.hierarchical.NodeTestTask.executeRecursively(NodeTestTask.java:98) ~[junit-platform-engine-1.3.2.jar:1.3.2]
	at org.junit.platform.engine.support.hierarchical.NodeTestTask.execute(NodeTestTask.java:74) ~[junit-platform-engine-1.3.2.jar:1.3.2]
	at org.junit.platform.engine.support.hierarchical.SameThreadHierarchicalTestExecutorService.submit(SameThreadHierarchicalTestExecutorService.java:32) ~[junit-platform-engine-1.3.2.jar:1.3.2]
	at org.junit.platform.engine.support.hierarchical.HierarchicalTestExecutor.execute(HierarchicalTestExecutor.java:57) ~[junit-platform-engine-1.3.2.jar:1.3.2]
	at org.junit.platform.engine.support.hierarchical.HierarchicalTestEngine.execute(HierarchicalTestEngine.java:51) ~[junit-platform-engine-1.3.2.jar:1.3.2]
	at org.junit.platform.launcher.core.DefaultLauncher.execute(DefaultLauncher.java:220) ~[junit-platform-launcher-1.3.1.jar:1.3.1]
	at org.junit.platform.launcher.core.DefaultLauncher.lambda$execute$6(DefaultLauncher.java:188) ~[junit-platform-launcher-1.3.1.jar:1.3.1]
	at org.junit.platform.launcher.core.DefaultLauncher.withInterceptedStreams(DefaultLauncher.java:202) ~[junit-platform-launcher-1.3.1.jar:1.3.1]
	at org.junit.platform.launcher.core.DefaultLauncher.execute(DefaultLauncher.java:181) ~[junit-platform-launcher-1.3.1.jar:1.3.1]
	at org.junit.platform.launcher.core.DefaultLauncher.execute(DefaultLauncher.java:128) ~[junit-platform-launcher-1.3.1.jar:1.3.1]
	at org.apache.maven.surefire.junitplatform.JUnitPlatformProvider.invokeAllTests(JUnitPlatformProvider.java:150) ~[surefire-junit-platform-2.22.2.jar:2.22.2]
	at org.apache.maven.surefire.junitplatform.JUnitPlatformProvider.invoke(JUnitPlatformProvider.java:124) ~[surefire-junit-platform-2.22.2.jar:2.22.2]
	at org.apache.maven.surefire.booter.ForkedBooter.invokeProviderInSameClassLoader(ForkedBooter.java:384) ~[surefire-booter-2.22.2.jar:2.22.2]
	at org.apache.maven.surefire.booter.ForkedBooter.runSuitesInProcess(ForkedBooter.java:345) ~[surefire-booter-2.22.2.jar:2.22.2]
	at org.apache.maven.surefire.booter.ForkedBooter.execute(ForkedBooter.java:126) ~[surefire-booter-2.22.2.jar:2.22.2]
	at org.apache.maven.surefire.booter.ForkedBooter.main(ForkedBooter.java:418) ~[surefire-booter-2.22.2.jar:2.22.2]

2020-08-11 14:57:17.551 ERROR 5047 --- [           main] o.s.test.context.TestContextManager      : Caught exception while allowing TestExecutionListener [org.springframework.test.context.web.ServletTestExecutionListener@36d7a68a] to prepare test instance [guru.sfg.beer.order.service.BeerOrderServiceApplicationTests@36c763cd]

java.lang.NoClassDefFoundError: Could not initialize class org.codehaus.groovy.reflection.ReflectionCache
	at org.codehaus.groovy.runtime.dgmimpl.NumberNumberMetaMethod.<clinit>(NumberNumberMetaMethod.java:33) ~[groovy-2.5.7.jar:2.5.7]
	at java.base/jdk.internal.reflect.NativeConstructorAccessorImpl.newInstance0(Native Method) ~[na:na]
	at java.base/jdk.internal.reflect.NativeConstructorAccessorImpl.newInstance(NativeConstructorAccessorImpl.java:62) ~[na:na]
	at java.base/jdk.internal.reflect.DelegatingConstructorAccessorImpl.newInstance(DelegatingConstructorAccessorImpl.java:45) ~[na:na]
	at java.base/java.lang.reflect.Constructor.newInstanceWithCaller(Constructor.java:500) ~[na:na]
	at java.base/java.lang.reflect.ReflectAccess.newInstance(ReflectAccess.java:124) ~[na:na]
	at java.base/jdk.internal.reflect.ReflectionFactory.newInstance(ReflectionFactory.java:346) ~[na:na]
	at java.base/java.lang.Class.newInstance(Class.java:604) ~[na:na]
	at org.codehaus.groovy.runtime.metaclass.MetaClassRegistryImpl.createMetaMethodFromClass(MetaClassRegistryImpl.java:257) ~[groovy-2.5.7.jar:2.5.7]
	at org.codehaus.groovy.runtime.metaclass.MetaClassRegistryImpl.<init>(MetaClassRegistryImpl.java:110) ~[groovy-2.5.7.jar:2.5.7]
	at org.codehaus.groovy.runtime.metaclass.MetaClassRegistryImpl.<init>(MetaClassRegistryImpl.java:85) ~[groovy-2.5.7.jar:2.5.7]
	at groovy.lang.GroovySystem.<clinit>(GroovySystem.java:36) ~[groovy-2.5.7.jar:2.5.7]
	at org.springframework.beans.factory.groovy.GroovyBeanDefinitionReader.<init>(GroovyBeanDefinitionReader.java:150) ~[spring-beans-5.1.7.RELEASE.jar:5.1.7.RELEASE]
	at org.springframework.boot.BeanDefinitionLoader.<init>(BeanDefinitionLoader.java:84) ~[spring-boot-2.1.5.RELEASE.jar:2.1.5.RELEASE]
	at org.springframework.boot.SpringApplication.createBeanDefinitionLoader(SpringApplication.java:766) ~[spring-boot-2.1.5.RELEASE.jar:2.1.5.RELEASE]
	at org.springframework.boot.SpringApplication.load(SpringApplication.java:706) ~[spring-boot-2.1.5.RELEASE.jar:2.1.5.RELEASE]
	at org.springframework.boot.SpringApplication.prepareContext(SpringApplication.java:392) ~[spring-boot-2.1.5.RELEASE.jar:2.1.5.RELEASE]
	at org.springframework.boot.SpringApplication.run(SpringApplication.java:314) ~[spring-boot-2.1.5.RELEASE.jar:2.1.5.RELEASE]
	at org.springframework.boot.test.context.SpringBootContextLoader.loadContext(SpringBootContextLoader.java:127) ~[spring-boot-test-2.1.5.RELEASE.jar:2.1.5.RELEASE]
	at org.springframework.test.context.cache.DefaultCacheAwareContextLoaderDelegate.loadContextInternal(DefaultCacheAwareContextLoaderDelegate.java:99) ~[spring-test-5.1.7.RELEASE.jar:5.1.7.RELEASE]
	at org.springframework.test.context.cache.DefaultCacheAwareContextLoaderDelegate.loadContext(DefaultCacheAwareContextLoaderDelegate.java:117) ~[spring-test-5.1.7.RELEASE.jar:5.1.7.RELEASE]
	at org.springframework.test.context.support.DefaultTestContext.getApplicationContext(DefaultTestContext.java:108) ~[spring-test-5.1.7.RELEASE.jar:5.1.7.RELEASE]
	at org.springframework.test.context.web.ServletTestExecutionListener.setUpRequestContextIfNecessary(ServletTestExecutionListener.java:190) ~[spring-test-5.1.7.RELEASE.jar:5.1.7.RELEASE]
	at org.springframework.test.context.web.ServletTestExecutionListener.prepareTestInstance(ServletTestExecutionListener.java:132) ~[spring-test-5.1.7.RELEASE.jar:5.1.7.RELEASE]
	at org.springframework.test.context.TestContextManager.prepareTestInstance(TestContextManager.java:246) ~[spring-test-5.1.7.RELEASE.jar:5.1.7.RELEASE]
	at org.springframework.test.context.junit.jupiter.SpringExtension.postProcessTestInstance(SpringExtension.java:97) ~[spring-test-5.1.7.RELEASE.jar:5.1.7.RELEASE]
	at org.junit.jupiter.engine.descriptor.ClassTestDescriptor.lambda$invokeTestInstancePostProcessors$5(ClassTestDescriptor.java:349) ~[junit-jupiter-engine-5.3.2.jar:5.3.2]
	at org.junit.jupiter.engine.descriptor.JupiterTestDescriptor.executeAndMaskThrowable(JupiterTestDescriptor.java:215) ~[junit-jupiter-engine-5.3.2.jar:5.3.2]
	at org.junit.jupiter.engine.descriptor.ClassTestDescriptor.lambda$invokeTestInstancePostProcessors$6(ClassTestDescriptor.java:349) ~[junit-jupiter-engine-5.3.2.jar:5.3.2]
	at java.base/java.util.stream.ReferencePipeline$3$1.accept(ReferencePipeline.java:195) ~[na:na]
	at java.base/java.util.stream.ReferencePipeline$2$1.accept(ReferencePipeline.java:177) ~[na:na]
	at java.base/java.util.ArrayList$ArrayListSpliterator.forEachRemaining(ArrayList.java:1624) ~[na:na]
	at java.base/java.util.stream.AbstractPipeline.copyInto(AbstractPipeline.java:484) ~[na:na]
	at java.base/java.util.stream.AbstractPipeline.wrapAndCopyInto(AbstractPipeline.java:474) ~[na:na]
	at java.base/java.util.stream.StreamSpliterators$WrappingSpliterator.forEachRemaining(StreamSpliterators.java:312) ~[na:na]
	at java.base/java.util.stream.Streams$ConcatSpliterator.forEachRemaining(Streams.java:735) ~[na:na]
	at java.base/java.util.stream.Streams$ConcatSpliterator.forEachRemaining(Streams.java:734) ~[na:na]
	at java.base/java.util.stream.ReferencePipeline$Head.forEach(ReferencePipeline.java:658) ~[na:na]
	at org.junit.jupiter.engine.descriptor.ClassTestDescriptor.invokeTestInstancePostProcessors(ClassTestDescriptor.java:348) ~[junit-jupiter-engine-5.3.2.jar:5.3.2]
	at org.junit.jupiter.engine.descriptor.ClassTestDescriptor.instantiateAndPostProcessTestInstance(ClassTestDescriptor.java:270) ~[junit-jupiter-engine-5.3.2.jar:5.3.2]
	at org.junit.jupiter.engine.descriptor.ClassTestDescriptor.lambda$testInstanceProvider$2(ClassTestDescriptor.java:259) ~[junit-jupiter-engine-5.3.2.jar:5.3.2]
	at org.junit.jupiter.engine.descriptor.ClassTestDescriptor.lambda$testInstanceProvider$3(ClassTestDescriptor.java:263) ~[junit-jupiter-engine-5.3.2.jar:5.3.2]
	at java.base/java.util.Optional.orElseGet(Optional.java:362) ~[na:na]
	at org.junit.jupiter.engine.descriptor.ClassTestDescriptor.lambda$testInstanceProvider$4(ClassTestDescriptor.java:262) ~[junit-jupiter-engine-5.3.2.jar:5.3.2]
	at org.junit.jupiter.engine.descriptor.TestMethodTestDescriptor.prepare(TestMethodTestDescriptor.java:82) ~[junit-jupiter-engine-5.3.2.jar:5.3.2]
	at org.junit.jupiter.engine.descriptor.TestMethodTestDescriptor.prepare(TestMethodTestDescriptor.java:59) ~[junit-jupiter-engine-5.3.2.jar:5.3.2]
	at org.junit.platform.engine.support.hierarchical.NodeTestTask.lambda$prepare$0(NodeTestTask.java:83) ~[junit-platform-engine-1.3.2.jar:1.3.2]
	at org.junit.platform.engine.support.hierarchical.ThrowableCollector.execute(ThrowableCollector.java:72) ~[junit-platform-engine-1.3.2.jar:1.3.2]
	at org.junit.platform.engine.support.hierarchical.NodeTestTask.prepare(NodeTestTask.java:83) ~[junit-platform-engine-1.3.2.jar:1.3.2]
	at org.junit.platform.engine.support.hierarchical.NodeTestTask.execute(NodeTestTask.java:69) ~[junit-platform-engine-1.3.2.jar:1.3.2]
	at java.base/java.util.ArrayList.forEach(ArrayList.java:1510) ~[na:na]
	at org.junit.platform.engine.support.hierarchical.SameThreadHierarchicalTestExecutorService.invokeAll(SameThreadHierarchicalTestExecutorService.java:38) ~[junit-platform-engine-1.3.2.jar:1.3.2]
	at org.junit.platform.engine.support.hierarchical.NodeTestTask.lambda$executeRecursively$4(NodeTestTask.java:112) ~[junit-platform-engine-1.3.2.jar:1.3.2]
	at org.junit.platform.engine.support.hierarchical.ThrowableCollector.execute(ThrowableCollector.java:72) ~[junit-platform-engine-1.3.2.jar:1.3.2]
	at org.junit.platform.engine.support.hierarchical.NodeTestTask.executeRecursively(NodeTestTask.java:98) ~[junit-platform-engine-1.3.2.jar:1.3.2]
	at org.junit.platform.engine.support.hierarchical.NodeTestTask.execute(NodeTestTask.java:74) ~[junit-platform-engine-1.3.2.jar:1.3.2]
	at java.base/java.util.ArrayList.forEach(ArrayList.java:1510) ~[na:na]
	at org.junit.platform.engine.support.hierarchical.SameThreadHierarchicalTestExecutorService.invokeAll(SameThreadHierarchicalTestExecutorService.java:38) ~[junit-platform-engine-1.3.2.jar:1.3.2]
	at org.junit.platform.engine.support.hierarchical.NodeTestTask.lambda$executeRecursively$4(NodeTestTask.java:112) ~[junit-platform-engine-1.3.2.jar:1.3.2]
	at org.junit.platform.engine.support.hierarchical.ThrowableCollector.execute(ThrowableCollector.java:72) ~[junit-platform-engine-1.3.2.jar:1.3.2]
	at org.junit.platform.engine.support.hierarchical.NodeTestTask.executeRecursively(NodeTestTask.java:98) ~[junit-platform-engine-1.3.2.jar:1.3.2]
	at org.junit.platform.engine.support.hierarchical.NodeTestTask.execute(NodeTestTask.java:74) ~[junit-platform-engine-1.3.2.jar:1.3.2]
	at org.junit.platform.engine.support.hierarchical.SameThreadHierarchicalTestExecutorService.submit(SameThreadHierarchicalTestExecutorService.java:32) ~[junit-platform-engine-1.3.2.jar:1.3.2]
	at org.junit.platform.engine.support.hierarchical.HierarchicalTestExecutor.execute(HierarchicalTestExecutor.java:57) ~[junit-platform-engine-1.3.2.jar:1.3.2]
	at org.junit.platform.engine.support.hierarchical.HierarchicalTestEngine.execute(HierarchicalTestEngine.java:51) ~[junit-platform-engine-1.3.2.jar:1.3.2]
	at org.junit.platform.launcher.core.DefaultLauncher.execute(DefaultLauncher.java:220) ~[junit-platform-launcher-1.3.1.jar:1.3.1]
	at org.junit.platform.launcher.core.DefaultLauncher.lambda$execute$6(DefaultLauncher.java:188) ~[junit-platform-launcher-1.3.1.jar:1.3.1]
	at org.junit.platform.launcher.core.DefaultLauncher.withInterceptedStreams(DefaultLauncher.java:202) ~[junit-platform-launcher-1.3.1.jar:1.3.1]
	at org.junit.platform.launcher.core.DefaultLauncher.execute(DefaultLauncher.java:181) ~[junit-platform-launcher-1.3.1.jar:1.3.1]
	at org.junit.platform.launcher.core.DefaultLauncher.execute(DefaultLauncher.java:128) ~[junit-platform-launcher-1.3.1.jar:1.3.1]
	at org.apache.maven.surefire.junitplatform.JUnitPlatformProvider.invokeAllTests(JUnitPlatformProvider.java:150) ~[surefire-junit-platform-2.22.2.jar:2.22.2]
	at org.apache.maven.surefire.junitplatform.JUnitPlatformProvider.invoke(JUnitPlatformProvider.java:124) ~[surefire-junit-platform-2.22.2.jar:2.22.2]
	at org.apache.maven.surefire.booter.ForkedBooter.invokeProviderInSameClassLoader(ForkedBooter.java:384) ~[surefire-booter-2.22.2.jar:2.22.2]
	at org.apache.maven.surefire.booter.ForkedBooter.runSuitesInProcess(ForkedBooter.java:345) ~[surefire-booter-2.22.2.jar:2.22.2]
	at org.apache.maven.surefire.booter.ForkedBooter.execute(ForkedBooter.java:126) ~[surefire-booter-2.22.2.jar:2.22.2]
	at org.apache.maven.surefire.booter.ForkedBooter.main(ForkedBooter.java:418) ~[surefire-booter-2.22.2.jar:2.22.2]

]]></system-out>
    <system-err><![CDATA[java.lang.instrument.IllegalClassFormatException: Error while instrumenting javax/script/ScriptEngine.
	at org.jacoco.agent.rt.internal_1f1cc91.CoverageTransformer.transform(CoverageTransformer.java:93)
	at java.instrument/java.lang.instrument.ClassFileTransformer.transform(ClassFileTransformer.java:246)
	at java.instrument/sun.instrument.TransformerManager.transform(TransformerManager.java:188)
	at java.instrument/sun.instrument.InstrumentationImpl.transform(InstrumentationImpl.java:563)
	at java.base/java.lang.ClassLoader.defineClass2(Native Method)
	at java.base/java.lang.ClassLoader.defineClass(ClassLoader.java:1109)
	at java.base/java.security.SecureClassLoader.defineClass(SecureClassLoader.java:183)
	at java.base/jdk.internal.loader.BuiltinClassLoader.defineClass(BuiltinClassLoader.java:780)
	at java.base/jdk.internal.loader.BuiltinClassLoader.findClassInModuleOrNull(BuiltinClassLoader.java:701)
	at java.base/jdk.internal.loader.BuiltinClassLoader.loadClassOrNull(BuiltinClassLoader.java:626)
	at java.base/jdk.internal.loader.BuiltinClassLoader.loadClassOrNull(BuiltinClassLoader.java:661)
	at java.base/jdk.internal.loader.BuiltinClassLoader.loadClassOrNull(BuiltinClassLoader.java:630)
	at java.base/jdk.internal.loader.BuiltinClassLoader.loadClass(BuiltinClassLoader.java:600)
	at java.base/jdk.internal.loader.ClassLoaders$AppClassLoader.loadClass(ClassLoaders.java:178)
	at java.base/java.lang.ClassLoader.loadClass(ClassLoader.java:522)
	at java.base/java.lang.Class.forName0(Native Method)
	at java.base/java.lang.Class.forName(Class.java:340)
	at org.junit.jupiter.engine.extension.ScriptExecutionCondition$Evaluator.forName(ScriptExecutionCondition.java:139)
	at org.junit.jupiter.engine.extension.ScriptExecutionCondition$Evaluator.forName(ScriptExecutionCondition.java:133)
	at org.junit.jupiter.engine.extension.ScriptExecutionCondition.<init>(ScriptExecutionCondition.java:55)
	at org.junit.jupiter.engine.extension.ScriptExecutionCondition.<init>(ScriptExecutionCondition.java:50)
	at org.junit.jupiter.engine.extension.ExtensionRegistry.<clinit>(ExtensionRegistry.java:55)
	at org.junit.jupiter.engine.descriptor.JupiterEngineDescriptor.prepare(JupiterEngineDescriptor.java:37)
	at org.junit.jupiter.engine.descriptor.JupiterEngineDescriptor.prepare(JupiterEngineDescriptor.java:28)
	at org.junit.platform.engine.support.hierarchical.NodeTestTask.lambda$prepare$0(NodeTestTask.java:83)
	at org.junit.platform.engine.support.hierarchical.ThrowableCollector.execute(ThrowableCollector.java:72)
	at org.junit.platform.engine.support.hierarchical.NodeTestTask.prepare(NodeTestTask.java:83)
	at org.junit.platform.engine.support.hierarchical.NodeTestTask.execute(NodeTestTask.java:69)
	at org.junit.platform.engine.support.hierarchical.SameThreadHierarchicalTestExecutorService.submit(SameThreadHierarchicalTestExecutorService.java:32)
	at org.junit.platform.engine.support.hierarchical.HierarchicalTestExecutor.execute(HierarchicalTestExecutor.java:57)
	at org.junit.platform.engine.support.hierarchical.HierarchicalTestEngine.execute(HierarchicalTestEngine.java:51)
	at org.junit.platform.launcher.core.DefaultLauncher.execute(DefaultLauncher.java:220)
	at org.junit.platform.launcher.core.DefaultLauncher.lambda$execute$6(DefaultLauncher.java:188)
	at org.junit.platform.launcher.core.DefaultLauncher.withInterceptedStreams(DefaultLauncher.java:202)
	at org.junit.platform.launcher.core.DefaultLauncher.execute(DefaultLauncher.java:181)
	at org.junit.platform.launcher.core.DefaultLauncher.execute(DefaultLauncher.java:128)
	at org.apache.maven.surefire.junitplatform.JUnitPlatformProvider.invokeAllTests(JUnitPlatformProvider.java:150)
	at org.apache.maven.surefire.junitplatform.JUnitPlatformProvider.invoke(JUnitPlatformProvider.java:124)
	at org.apache.maven.surefire.booter.ForkedBooter.invokeProviderInSameClassLoader(ForkedBooter.java:384)
	at org.apache.maven.surefire.booter.ForkedBooter.runSuitesInProcess(ForkedBooter.java:345)
	at org.apache.maven.surefire.booter.ForkedBooter.execute(ForkedBooter.java:126)
	at org.apache.maven.surefire.booter.ForkedBooter.main(ForkedBooter.java:418)
Caused by: java.io.IOException: Error while instrumenting javax/script/ScriptEngine.
	at org.jacoco.agent.rt.internal_1f1cc91.core.instr.Instrumenter.instrumentError(Instrumenter.java:170)
	at org.jacoco.agent.rt.internal_1f1cc91.core.instr.Instrumenter.instrument(Instrumenter.java:120)
	at org.jacoco.agent.rt.internal_1f1cc91.CoverageTransformer.transform(CoverageTransformer.java:91)
	... 41 more
Caused by: java.lang.IllegalArgumentException: Unsupported class file major version 58
	at org.jacoco.agent.rt.internal_1f1cc91.asm.ClassReader.<init>(ClassReader.java:184)
	at org.jacoco.agent.rt.internal_1f1cc91.asm.ClassReader.<init>(ClassReader.java:166)
	at org.jacoco.agent.rt.internal_1f1cc91.asm.ClassReader.<init>(ClassReader.java:152)
	at org.jacoco.agent.rt.internal_1f1cc91.core.internal.instr.InstrSupport.classReaderFor(InstrSupport.java:247)
	at org.jacoco.agent.rt.internal_1f1cc91.core.instr.Instrumenter.instrument(Instrumenter.java:86)
	at org.jacoco.agent.rt.internal_1f1cc91.core.instr.Instrumenter.instrument(Instrumenter.java:118)
	... 42 more
java.lang.instrument.IllegalClassFormatException: Error while instrumenting javax/script/ScriptException.
	at org.jacoco.agent.rt.internal_1f1cc91.CoverageTransformer.transform(CoverageTransformer.java:93)
	at java.instrument/java.lang.instrument.ClassFileTransformer.transform(ClassFileTransformer.java:246)
	at java.instrument/sun.instrument.TransformerManager.transform(TransformerManager.java:188)
	at java.instrument/sun.instrument.InstrumentationImpl.transform(InstrumentationImpl.java:563)
	at java.base/java.lang.ClassLoader.defineClass2(Native Method)
	at java.base/java.lang.ClassLoader.defineClass(ClassLoader.java:1109)
	at java.base/java.security.SecureClassLoader.defineClass(SecureClassLoader.java:183)
	at java.base/jdk.internal.loader.BuiltinClassLoader.defineClass(BuiltinClassLoader.java:780)
	at java.base/jdk.internal.loader.BuiltinClassLoader.findClassInModuleOrNull(BuiltinClassLoader.java:701)
	at java.base/jdk.internal.loader.BuiltinClassLoader.loadClassOrNull(BuiltinClassLoader.java:626)
	at java.base/jdk.internal.loader.BuiltinClassLoader.loadClassOrNull(BuiltinClassLoader.java:661)
	at java.base/jdk.internal.loader.BuiltinClassLoader.loadClassOrNull(BuiltinClassLoader.java:630)
	at java.base/jdk.internal.loader.BuiltinClassLoader.loadClass(BuiltinClassLoader.java:600)
	at java.base/jdk.internal.loader.ClassLoaders$AppClassLoader.loadClass(ClassLoaders.java:178)
	at java.base/java.lang.ClassLoader.loadClass(ClassLoader.java:522)
	at java.base/java.lang.Class.forName0(Native Method)
	at java.base/java.lang.Class.forName(Class.java:340)
	at org.junit.jupiter.engine.extension.ScriptExecutionCondition$Evaluator.forName(ScriptExecutionCondition.java:153)
	at org.junit.jupiter.engine.extension.ScriptExecutionCondition$Evaluator.forName(ScriptExecutionCondition.java:133)
	at org.junit.jupiter.engine.extension.ScriptExecutionCondition.<init>(ScriptExecutionCondition.java:55)
	at org.junit.jupiter.engine.extension.ScriptExecutionCondition.<init>(ScriptExecutionCondition.java:50)
	at org.junit.jupiter.engine.extension.ExtensionRegistry.<clinit>(ExtensionRegistry.java:55)
	at org.junit.jupiter.engine.descriptor.JupiterEngineDescriptor.prepare(JupiterEngineDescriptor.java:37)
	at org.junit.jupiter.engine.descriptor.JupiterEngineDescriptor.prepare(JupiterEngineDescriptor.java:28)
	at org.junit.platform.engine.support.hierarchical.NodeTestTask.lambda$prepare$0(NodeTestTask.java:83)
	at org.junit.platform.engine.support.hierarchical.ThrowableCollector.execute(ThrowableCollector.java:72)
	at org.junit.platform.engine.support.hierarchical.NodeTestTask.prepare(NodeTestTask.java:83)
	at org.junit.platform.engine.support.hierarchical.NodeTestTask.execute(NodeTestTask.java:69)
	at org.junit.platform.engine.support.hierarchical.SameThreadHierarchicalTestExecutorService.submit(SameThreadHierarchicalTestExecutorService.java:32)
	at org.junit.platform.engine.support.hierarchical.HierarchicalTestExecutor.execute(HierarchicalTestExecutor.java:57)
	at org.junit.platform.engine.support.hierarchical.HierarchicalTestEngine.execute(HierarchicalTestEngine.java:51)
	at org.junit.platform.launcher.core.DefaultLauncher.execute(DefaultLauncher.java:220)
	at org.junit.platform.launcher.core.DefaultLauncher.lambda$execute$6(DefaultLauncher.java:188)
	at org.junit.platform.launcher.core.DefaultLauncher.withInterceptedStreams(DefaultLauncher.java:202)
	at org.junit.platform.launcher.core.DefaultLauncher.execute(DefaultLauncher.java:181)
	at org.junit.platform.launcher.core.DefaultLauncher.execute(DefaultLauncher.java:128)
	at org.apache.maven.surefire.junitplatform.JUnitPlatformProvider.invokeAllTests(JUnitPlatformProvider.java:150)
	at org.apache.maven.surefire.junitplatform.JUnitPlatformProvider.invoke(JUnitPlatformProvider.java:124)
	at org.apache.maven.surefire.booter.ForkedBooter.invokeProviderInSameClassLoader(ForkedBooter.java:384)
	at org.apache.maven.surefire.booter.ForkedBooter.runSuitesInProcess(ForkedBooter.java:345)
	at org.apache.maven.surefire.booter.ForkedBooter.execute(ForkedBooter.java:126)
	at org.apache.maven.surefire.booter.ForkedBooter.main(ForkedBooter.java:418)
Caused by: java.io.IOException: Error while instrumenting javax/script/ScriptException.
	at org.jacoco.agent.rt.internal_1f1cc91.core.instr.Instrumenter.instrumentError(Instrumenter.java:170)
	at org.jacoco.agent.rt.internal_1f1cc91.core.instr.Instrumenter.instrument(Instrumenter.java:120)
	at org.jacoco.agent.rt.internal_1f1cc91.CoverageTransformer.transform(CoverageTransformer.java:91)
	... 41 more
Caused by: java.lang.IllegalArgumentException: Unsupported class file major version 58
	at org.jacoco.agent.rt.internal_1f1cc91.asm.ClassReader.<init>(ClassReader.java:184)
	at org.jacoco.agent.rt.internal_1f1cc91.asm.ClassReader.<init>(ClassReader.java:166)
	at org.jacoco.agent.rt.internal_1f1cc91.asm.ClassReader.<init>(ClassReader.java:152)
	at org.jacoco.agent.rt.internal_1f1cc91.core.internal.instr.InstrSupport.classReaderFor(InstrSupport.java:247)
	at org.jacoco.agent.rt.internal_1f1cc91.core.instr.Instrumenter.instrument(Instrumenter.java:86)
	at org.jacoco.agent.rt.internal_1f1cc91.core.instr.Instrumenter.instrument(Instrumenter.java:118)
	... 42 more
java.lang.instrument.IllegalClassFormatException: Error while instrumenting javax/script/Bindings.
	at org.jacoco.agent.rt.internal_1f1cc91.CoverageTransformer.transform(CoverageTransformer.java:93)
	at java.instrument/java.lang.instrument.ClassFileTransformer.transform(ClassFileTransformer.java:246)
	at java.instrument/sun.instrument.TransformerManager.transform(TransformerManager.java:188)
	at java.instrument/sun.instrument.InstrumentationImpl.transform(InstrumentationImpl.java:563)
	at java.base/java.lang.ClassLoader.defineClass2(Native Method)
	at java.base/java.lang.ClassLoader.defineClass(ClassLoader.java:1109)
	at java.base/java.security.SecureClassLoader.defineClass(SecureClassLoader.java:183)
	at java.base/jdk.internal.loader.BuiltinClassLoader.defineClass(BuiltinClassLoader.java:780)
	at java.base/jdk.internal.loader.BuiltinClassLoader.findClassInModuleOrNull(BuiltinClassLoader.java:701)
	at java.base/jdk.internal.loader.BuiltinClassLoader.loadClassOrNull(BuiltinClassLoader.java:626)
	at java.base/jdk.internal.loader.BuiltinClassLoader.loadClassOrNull(BuiltinClassLoader.java:661)
	at java.base/jdk.internal.loader.BuiltinClassLoader.loadClassOrNull(BuiltinClassLoader.java:630)
	at java.base/jdk.internal.loader.BuiltinClassLoader.loadClass(BuiltinClassLoader.java:600)
	at java.base/jdk.internal.loader.ClassLoaders$AppClassLoader.loadClass(ClassLoaders.java:178)
	at java.base/java.lang.ClassLoader.loadClass(ClassLoader.java:522)
	at java.base/java.lang.Class.forName0(Native Method)
	at java.base/java.lang.Class.forName(Class.java:340)
	at org.junit.jupiter.engine.extension.ScriptExecutionCondition$Evaluator.forName(ScriptExecutionCondition.java:153)
	at org.junit.jupiter.engine.extension.ScriptExecutionCondition$Evaluator.forName(ScriptExecutionCondition.java:133)
	at org.junit.jupiter.engine.extension.ScriptExecutionCondition.<init>(ScriptExecutionCondition.java:55)
	at org.junit.jupiter.engine.extension.ScriptExecutionCondition.<init>(ScriptExecutionCondition.java:50)
	at org.junit.jupiter.engine.extension.ExtensionRegistry.<clinit>(ExtensionRegistry.java:55)
	at org.junit.jupiter.engine.descriptor.JupiterEngineDescriptor.prepare(JupiterEngineDescriptor.java:37)
	at org.junit.jupiter.engine.descriptor.JupiterEngineDescriptor.prepare(JupiterEngineDescriptor.java:28)
	at org.junit.platform.engine.support.hierarchical.NodeTestTask.lambda$prepare$0(NodeTestTask.java:83)
	at org.junit.platform.engine.support.hierarchical.ThrowableCollector.execute(ThrowableCollector.java:72)
	at org.junit.platform.engine.support.hierarchical.NodeTestTask.prepare(NodeTestTask.java:83)
	at org.junit.platform.engine.support.hierarchical.NodeTestTask.execute(NodeTestTask.java:69)
	at org.junit.platform.engine.support.hierarchical.SameThreadHierarchicalTestExecutorService.submit(SameThreadHierarchicalTestExecutorService.java:32)
	at org.junit.platform.engine.support.hierarchical.HierarchicalTestExecutor.execute(HierarchicalTestExecutor.java:57)
	at org.junit.platform.engine.support.hierarchical.HierarchicalTestEngine.execute(HierarchicalTestEngine.java:51)
	at org.junit.platform.launcher.core.DefaultLauncher.execute(DefaultLauncher.java:220)
	at org.junit.platform.launcher.core.DefaultLauncher.lambda$execute$6(DefaultLauncher.java:188)
	at org.junit.platform.launcher.core.DefaultLauncher.withInterceptedStreams(DefaultLauncher.java:202)
	at org.junit.platform.launcher.core.DefaultLauncher.execute(DefaultLauncher.java:181)
	at org.junit.platform.launcher.core.DefaultLauncher.execute(DefaultLauncher.java:128)
	at org.apache.maven.surefire.junitplatform.JUnitPlatformProvider.invokeAllTests(JUnitPlatformProvider.java:150)
	at org.apache.maven.surefire.junitplatform.JUnitPlatformProvider.invoke(JUnitPlatformProvider.java:124)
	at org.apache.maven.surefire.booter.ForkedBooter.invokeProviderInSameClassLoader(ForkedBooter.java:384)
	at org.apache.maven.surefire.booter.ForkedBooter.runSuitesInProcess(ForkedBooter.java:345)
	at org.apache.maven.surefire.booter.ForkedBooter.execute(ForkedBooter.java:126)
	at org.apache.maven.surefire.booter.ForkedBooter.main(ForkedBooter.java:418)
Caused by: java.io.IOException: Error while instrumenting javax/script/Bindings.
	at org.jacoco.agent.rt.internal_1f1cc91.core.instr.Instrumenter.instrumentError(Instrumenter.java:170)
	at org.jacoco.agent.rt.internal_1f1cc91.core.instr.Instrumenter.instrument(Instrumenter.java:120)
	at org.jacoco.agent.rt.internal_1f1cc91.CoverageTransformer.transform(CoverageTransformer.java:91)
	... 41 more
Caused by: java.lang.IllegalArgumentException: Unsupported class file major version 58
	at org.jacoco.agent.rt.internal_1f1cc91.asm.ClassReader.<init>(ClassReader.java:184)
	at org.jacoco.agent.rt.internal_1f1cc91.asm.ClassReader.<init>(ClassReader.java:166)
	at org.jacoco.agent.rt.internal_1f1cc91.asm.ClassReader.<init>(ClassReader.java:152)
	at org.jacoco.agent.rt.internal_1f1cc91.core.internal.instr.InstrSupport.classReaderFor(InstrSupport.java:247)
	at org.jacoco.agent.rt.internal_1f1cc91.core.instr.Instrumenter.instrument(Instrumenter.java:86)
	at org.jacoco.agent.rt.internal_1f1cc91.core.instr.Instrumenter.instrument(Instrumenter.java:118)
	... 42 more
java.lang.instrument.IllegalClassFormatException: Error while instrumenting javax/script/ScriptEngineManager.
	at org.jacoco.agent.rt.internal_1f1cc91.CoverageTransformer.transform(CoverageTransformer.java:93)
	at java.instrument/java.lang.instrument.ClassFileTransformer.transform(ClassFileTransformer.java:246)
	at java.instrument/sun.instrument.TransformerManager.transform(TransformerManager.java:188)
	at java.instrument/sun.instrument.InstrumentationImpl.transform(InstrumentationImpl.java:563)
	at java.base/java.lang.ClassLoader.defineClass2(Native Method)
	at java.base/java.lang.ClassLoader.defineClass(ClassLoader.java:1109)
	at java.base/java.security.SecureClassLoader.defineClass(SecureClassLoader.java:183)
	at java.base/jdk.internal.loader.BuiltinClassLoader.defineClass(BuiltinClassLoader.java:780)
	at java.base/jdk.internal.loader.BuiltinClassLoader.findClassInModuleOrNull(BuiltinClassLoader.java:701)
	at java.base/jdk.internal.loader.BuiltinClassLoader.loadClassOrNull(BuiltinClassLoader.java:626)
	at java.base/jdk.internal.loader.BuiltinClassLoader.loadClassOrNull(BuiltinClassLoader.java:661)
	at java.base/jdk.internal.loader.BuiltinClassLoader.loadClassOrNull(BuiltinClassLoader.java:630)
	at java.base/jdk.internal.loader.BuiltinClassLoader.loadClass(BuiltinClassLoader.java:600)
	at java.base/jdk.internal.loader.ClassLoaders$AppClassLoader.loadClass(ClassLoaders.java:178)
	at java.base/java.lang.ClassLoader.loadClass(ClassLoader.java:522)
	at org.junit.jupiter.engine.script.ScriptExecutionManager.<init>(ScriptExecutionManager.java:37)
	at org.junit.jupiter.engine.extension.ScriptExecutionEvaluator.<init>(ScriptExecutionEvaluator.java:42)
	at java.base/jdk.internal.reflect.NativeConstructorAccessorImpl.newInstance0(Native Method)
	at java.base/jdk.internal.reflect.NativeConstructorAccessorImpl.newInstance(NativeConstructorAccessorImpl.java:62)
	at java.base/jdk.internal.reflect.DelegatingConstructorAccessorImpl.newInstance(DelegatingConstructorAccessorImpl.java:45)
	at java.base/java.lang.reflect.Constructor.newInstanceWithCaller(Constructor.java:500)
	at java.base/java.lang.reflect.Constructor.newInstance(Constructor.java:481)
	at org.junit.jupiter.engine.extension.ScriptExecutionCondition$Evaluator.forName(ScriptExecutionCondition.java:153)
	at org.junit.jupiter.engine.extension.ScriptExecutionCondition$Evaluator.forName(ScriptExecutionCondition.java:133)
	at org.junit.jupiter.engine.extension.ScriptExecutionCondition.<init>(ScriptExecutionCondition.java:55)
	at org.junit.jupiter.engine.extension.ScriptExecutionCondition.<init>(ScriptExecutionCondition.java:50)
	at org.junit.jupiter.engine.extension.ExtensionRegistry.<clinit>(ExtensionRegistry.java:55)
	at org.junit.jupiter.engine.descriptor.JupiterEngineDescriptor.prepare(JupiterEngineDescriptor.java:37)
	at org.junit.jupiter.engine.descriptor.JupiterEngineDescriptor.prepare(JupiterEngineDescriptor.java:28)
	at org.junit.platform.engine.support.hierarchical.NodeTestTask.lambda$prepare$0(NodeTestTask.java:83)
	at org.junit.platform.engine.support.hierarchical.ThrowableCollector.execute(ThrowableCollector.java:72)
	at org.junit.platform.engine.support.hierarchical.NodeTestTask.prepare(NodeTestTask.java:83)
	at org.junit.platform.engine.support.hierarchical.NodeTestTask.execute(NodeTestTask.java:69)
	at org.junit.platform.engine.support.hierarchical.SameThreadHierarchicalTestExecutorService.submit(SameThreadHierarchicalTestExecutorService.java:32)
	at org.junit.platform.engine.support.hierarchical.HierarchicalTestExecutor.execute(HierarchicalTestExecutor.java:57)
	at org.junit.platform.engine.support.hierarchical.HierarchicalTestEngine.execute(HierarchicalTestEngine.java:51)
	at org.junit.platform.launcher.core.DefaultLauncher.execute(DefaultLauncher.java:220)
	at org.junit.platform.launcher.core.DefaultLauncher.lambda$execute$6(DefaultLauncher.java:188)
	at org.junit.platform.launcher.core.DefaultLauncher.withInterceptedStreams(DefaultLauncher.java:202)
	at org.junit.platform.launcher.core.DefaultLauncher.execute(DefaultLauncher.java:181)
	at org.junit.platform.launcher.core.DefaultLauncher.execute(DefaultLauncher.java:128)
	at org.apache.maven.surefire.junitplatform.JUnitPlatformProvider.invokeAllTests(JUnitPlatformProvider.java:150)
	at org.apache.maven.surefire.junitplatform.JUnitPlatformProvider.invoke(JUnitPlatformProvider.java:124)
	at org.apache.maven.surefire.booter.ForkedBooter.invokeProviderInSameClassLoader(ForkedBooter.java:384)
	at org.apache.maven.surefire.booter.ForkedBooter.runSuitesInProcess(ForkedBooter.java:345)
	at org.apache.maven.surefire.booter.ForkedBooter.execute(ForkedBooter.java:126)
	at org.apache.maven.surefire.booter.ForkedBooter.main(ForkedBooter.java:418)
Caused by: java.io.IOException: Error while instrumenting javax/script/ScriptEngineManager.
	at org.jacoco.agent.rt.internal_1f1cc91.core.instr.Instrumenter.instrumentError(Instrumenter.java:170)
	at org.jacoco.agent.rt.internal_1f1cc91.core.instr.Instrumenter.instrument(Instrumenter.java:120)
	at org.jacoco.agent.rt.internal_1f1cc91.CoverageTransformer.transform(CoverageTransformer.java:91)
	... 46 more
Caused by: java.lang.IllegalArgumentException: Unsupported class file major version 58
	at org.jacoco.agent.rt.internal_1f1cc91.asm.ClassReader.<init>(ClassReader.java:184)
	at org.jacoco.agent.rt.internal_1f1cc91.asm.ClassReader.<init>(ClassReader.java:166)
	at org.jacoco.agent.rt.internal_1f1cc91.asm.ClassReader.<init>(ClassReader.java:152)
	at org.jacoco.agent.rt.internal_1f1cc91.core.internal.instr.InstrSupport.classReaderFor(InstrSupport.java:247)
	at org.jacoco.agent.rt.internal_1f1cc91.core.instr.Instrumenter.instrument(Instrumenter.java:86)
	at org.jacoco.agent.rt.internal_1f1cc91.core.instr.Instrumenter.instrument(Instrumenter.java:118)
	... 47 more
java.lang.instrument.IllegalClassFormatException: Error while instrumenting javax/script/SimpleBindings.
	at org.jacoco.agent.rt.internal_1f1cc91.CoverageTransformer.transform(CoverageTransformer.java:93)
	at java.instrument/java.lang.instrument.ClassFileTransformer.transform(ClassFileTransformer.java:246)
	at java.instrument/sun.instrument.TransformerManager.transform(TransformerManager.java:188)
	at java.instrument/sun.instrument.InstrumentationImpl.transform(InstrumentationImpl.java:563)
	at java.base/java.lang.ClassLoader.defineClass2(Native Method)
	at java.base/java.lang.ClassLoader.defineClass(ClassLoader.java:1109)
	at java.base/java.security.SecureClassLoader.defineClass(SecureClassLoader.java:183)
	at java.base/jdk.internal.loader.BuiltinClassLoader.defineClass(BuiltinClassLoader.java:780)
	at java.base/jdk.internal.loader.BuiltinClassLoader.findClassInModuleOrNull(BuiltinClassLoader.java:701)
	at java.base/jdk.internal.loader.BuiltinClassLoader.loadClassOrNull(BuiltinClassLoader.java:626)
	at java.base/jdk.internal.loader.BuiltinClassLoader.loadClass(BuiltinClassLoader.java:600)
	at java.base/java.lang.ClassLoader.loadClass(ClassLoader.java:522)
	at java.scripting/javax.script.ScriptEngineManager.init(ScriptEngineManager.java:79)
	at java.scripting/javax.script.ScriptEngineManager.<init>(ScriptEngineManager.java:62)
	at org.junit.jupiter.engine.script.ScriptExecutionManager.<init>(ScriptExecutionManager.java:37)
	at org.junit.jupiter.engine.extension.ScriptExecutionEvaluator.<init>(ScriptExecutionEvaluator.java:42)
	at java.base/jdk.internal.reflect.NativeConstructorAccessorImpl.newInstance0(Native Method)
	at java.base/jdk.internal.reflect.NativeConstructorAccessorImpl.newInstance(NativeConstructorAccessorImpl.java:62)
	at java.base/jdk.internal.reflect.DelegatingConstructorAccessorImpl.newInstance(DelegatingConstructorAccessorImpl.java:45)
	at java.base/java.lang.reflect.Constructor.newInstanceWithCaller(Constructor.java:500)
	at java.base/java.lang.reflect.Constructor.newInstance(Constructor.java:481)
	at org.junit.jupiter.engine.extension.ScriptExecutionCondition$Evaluator.forName(ScriptExecutionCondition.java:153)
	at org.junit.jupiter.engine.extension.ScriptExecutionCondition$Evaluator.forName(ScriptExecutionCondition.java:133)
	at org.junit.jupiter.engine.extension.ScriptExecutionCondition.<init>(ScriptExecutionCondition.java:55)
	at org.junit.jupiter.engine.extension.ScriptExecutionCondition.<init>(ScriptExecutionCondition.java:50)
	at org.junit.jupiter.engine.extension.ExtensionRegistry.<clinit>(ExtensionRegistry.java:55)
	at org.junit.jupiter.engine.descriptor.JupiterEngineDescriptor.prepare(JupiterEngineDescriptor.java:37)
	at org.junit.jupiter.engine.descriptor.JupiterEngineDescriptor.prepare(JupiterEngineDescriptor.java:28)
	at org.junit.platform.engine.support.hierarchical.NodeTestTask.lambda$prepare$0(NodeTestTask.java:83)
	at org.junit.platform.engine.support.hierarchical.ThrowableCollector.execute(ThrowableCollector.java:72)
	at org.junit.platform.engine.support.hierarchical.NodeTestTask.prepare(NodeTestTask.java:83)
	at org.junit.platform.engine.support.hierarchical.NodeTestTask.execute(NodeTestTask.java:69)
	at org.junit.platform.engine.support.hierarchical.SameThreadHierarchicalTestExecutorService.submit(SameThreadHierarchicalTestExecutorService.java:32)
	at org.junit.platform.engine.support.hierarchical.HierarchicalTestExecutor.execute(HierarchicalTestExecutor.java:57)
	at org.junit.platform.engine.support.hierarchical.HierarchicalTestEngine.execute(HierarchicalTestEngine.java:51)
	at org.junit.platform.launcher.core.DefaultLauncher.execute(DefaultLauncher.java:220)
	at org.junit.platform.launcher.core.DefaultLauncher.lambda$execute$6(DefaultLauncher.java:188)
	at org.junit.platform.launcher.core.DefaultLauncher.withInterceptedStreams(DefaultLauncher.java:202)
	at org.junit.platform.launcher.core.DefaultLauncher.execute(DefaultLauncher.java:181)
	at org.junit.platform.launcher.core.DefaultLauncher.execute(DefaultLauncher.java:128)
	at org.apache.maven.surefire.junitplatform.JUnitPlatformProvider.invokeAllTests(JUnitPlatformProvider.java:150)
	at org.apache.maven.surefire.junitplatform.JUnitPlatformProvider.invoke(JUnitPlatformProvider.java:124)
	at org.apache.maven.surefire.booter.ForkedBooter.invokeProviderInSameClassLoader(ForkedBooter.java:384)
	at org.apache.maven.surefire.booter.ForkedBooter.runSuitesInProcess(ForkedBooter.java:345)
	at org.apache.maven.surefire.booter.ForkedBooter.execute(ForkedBooter.java:126)
	at org.apache.maven.surefire.booter.ForkedBooter.main(ForkedBooter.java:418)
Caused by: java.io.IOException: Error while instrumenting javax/script/SimpleBindings.
	at org.jacoco.agent.rt.internal_1f1cc91.core.instr.Instrumenter.instrumentError(Instrumenter.java:170)
	at org.jacoco.agent.rt.internal_1f1cc91.core.instr.Instrumenter.instrument(Instrumenter.java:120)
	at org.jacoco.agent.rt.internal_1f1cc91.CoverageTransformer.transform(CoverageTransformer.java:91)
	... 45 more
Caused by: java.lang.IllegalArgumentException: Unsupported class file major version 58
	at org.jacoco.agent.rt.internal_1f1cc91.asm.ClassReader.<init>(ClassReader.java:184)
	at org.jacoco.agent.rt.internal_1f1cc91.asm.ClassReader.<init>(ClassReader.java:166)
	at org.jacoco.agent.rt.internal_1f1cc91.asm.ClassReader.<init>(ClassReader.java:152)
	at org.jacoco.agent.rt.internal_1f1cc91.core.internal.instr.InstrSupport.classReaderFor(InstrSupport.java:247)
	at org.jacoco.agent.rt.internal_1f1cc91.core.instr.Instrumenter.instrument(Instrumenter.java:86)
	at org.jacoco.agent.rt.internal_1f1cc91.core.instr.Instrumenter.instrument(Instrumenter.java:118)
	... 46 more
java.lang.instrument.IllegalClassFormatException: Error while instrumenting javax/script/ScriptEngineFactory.
	at org.jacoco.agent.rt.internal_1f1cc91.CoverageTransformer.transform(CoverageTransformer.java:93)
	at java.instrument/java.lang.instrument.ClassFileTransformer.transform(ClassFileTransformer.java:246)
	at java.instrument/sun.instrument.TransformerManager.transform(TransformerManager.java:188)
	at java.instrument/sun.instrument.InstrumentationImpl.transform(InstrumentationImpl.java:563)
	at java.base/java.lang.ClassLoader.defineClass2(Native Method)
	at java.base/java.lang.ClassLoader.defineClass(ClassLoader.java:1109)
	at java.base/java.security.SecureClassLoader.defineClass(SecureClassLoader.java:183)
	at java.base/jdk.internal.loader.BuiltinClassLoader.defineClass(BuiltinClassLoader.java:780)
	at java.base/jdk.internal.loader.BuiltinClassLoader.findClassInModuleOrNull(BuiltinClassLoader.java:701)
	at java.base/jdk.internal.loader.BuiltinClassLoader.loadClassOrNull(BuiltinClassLoader.java:626)
	at java.base/jdk.internal.loader.BuiltinClassLoader.loadClass(BuiltinClassLoader.java:600)
	at java.base/java.lang.ClassLoader.loadClass(ClassLoader.java:522)
	at java.scripting/javax.script.ScriptEngineManager.init(ScriptEngineManager.java:80)
	at java.scripting/javax.script.ScriptEngineManager.<init>(ScriptEngineManager.java:62)
	at org.junit.jupiter.engine.script.ScriptExecutionManager.<init>(ScriptExecutionManager.java:37)
	at org.junit.jupiter.engine.extension.ScriptExecutionEvaluator.<init>(ScriptExecutionEvaluator.java:42)
	at java.base/jdk.internal.reflect.NativeConstructorAccessorImpl.newInstance0(Native Method)
	at java.base/jdk.internal.reflect.NativeConstructorAccessorImpl.newInstance(NativeConstructorAccessorImpl.java:62)
	at java.base/jdk.internal.reflect.DelegatingConstructorAccessorImpl.newInstance(DelegatingConstructorAccessorImpl.java:45)
	at java.base/java.lang.reflect.Constructor.newInstanceWithCaller(Constructor.java:500)
	at java.base/java.lang.reflect.Constructor.newInstance(Constructor.java:481)
	at org.junit.jupiter.engine.extension.ScriptExecutionCondition$Evaluator.forName(ScriptExecutionCondition.java:153)
	at org.junit.jupiter.engine.extension.ScriptExecutionCondition$Evaluator.forName(ScriptExecutionCondition.java:133)
	at org.junit.jupiter.engine.extension.ScriptExecutionCondition.<init>(ScriptExecutionCondition.java:55)
	at org.junit.jupiter.engine.extension.ScriptExecutionCondition.<init>(ScriptExecutionCondition.java:50)
	at org.junit.jupiter.engine.extension.ExtensionRegistry.<clinit>(ExtensionRegistry.java:55)
	at org.junit.jupiter.engine.descriptor.JupiterEngineDescriptor.prepare(JupiterEngineDescriptor.java:37)
	at org.junit.jupiter.engine.descriptor.JupiterEngineDescriptor.prepare(JupiterEngineDescriptor.java:28)
	at org.junit.platform.engine.support.hierarchical.NodeTestTask.lambda$prepare$0(NodeTestTask.java:83)
	at org.junit.platform.engine.support.hierarchical.ThrowableCollector.execute(ThrowableCollector.java:72)
	at org.junit.platform.engine.support.hierarchical.NodeTestTask.prepare(NodeTestTask.java:83)
	at org.junit.platform.engine.support.hierarchical.NodeTestTask.execute(NodeTestTask.java:69)
	at org.junit.platform.engine.support.hierarchical.SameThreadHierarchicalTestExecutorService.submit(SameThreadHierarchicalTestExecutorService.java:32)
	at org.junit.platform.engine.support.hierarchical.HierarchicalTestExecutor.execute(HierarchicalTestExecutor.java:57)
	at org.junit.platform.engine.support.hierarchical.HierarchicalTestEngine.execute(HierarchicalTestEngine.java:51)
	at org.junit.platform.launcher.core.DefaultLauncher.execute(DefaultLauncher.java:220)
	at org.junit.platform.launcher.core.DefaultLauncher.lambda$execute$6(DefaultLauncher.java:188)
	at org.junit.platform.launcher.core.DefaultLauncher.withInterceptedStreams(DefaultLauncher.java:202)
	at org.junit.platform.launcher.core.DefaultLauncher.execute(DefaultLauncher.java:181)
	at org.junit.platform.launcher.core.DefaultLauncher.execute(DefaultLauncher.java:128)
	at org.apache.maven.surefire.junitplatform.JUnitPlatformProvider.invokeAllTests(JUnitPlatformProvider.java:150)
	at org.apache.maven.surefire.junitplatform.JUnitPlatformProvider.invoke(JUnitPlatformProvider.java:124)
	at org.apache.maven.surefire.booter.ForkedBooter.invokeProviderInSameClassLoader(ForkedBooter.java:384)
	at org.apache.maven.surefire.booter.ForkedBooter.runSuitesInProcess(ForkedBooter.java:345)
	at org.apache.maven.surefire.booter.ForkedBooter.execute(ForkedBooter.java:126)
	at org.apache.maven.surefire.booter.ForkedBooter.main(ForkedBooter.java:418)
Caused by: java.io.IOException: Error while instrumenting javax/script/ScriptEngineFactory.
	at org.jacoco.agent.rt.internal_1f1cc91.core.instr.Instrumenter.instrumentError(Instrumenter.java:170)
	at org.jacoco.agent.rt.internal_1f1cc91.core.instr.Instrumenter.instrument(Instrumenter.java:120)
	at org.jacoco.agent.rt.internal_1f1cc91.CoverageTransformer.transform(CoverageTransformer.java:91)
	... 45 more
Caused by: java.lang.IllegalArgumentException: Unsupported class file major version 58
	at org.jacoco.agent.rt.internal_1f1cc91.asm.ClassReader.<init>(ClassReader.java:184)
	at org.jacoco.agent.rt.internal_1f1cc91.asm.ClassReader.<init>(ClassReader.java:166)
	at org.jacoco.agent.rt.internal_1f1cc91.asm.ClassReader.<init>(ClassReader.java:152)
	at org.jacoco.agent.rt.internal_1f1cc91.core.internal.instr.InstrSupport.classReaderFor(InstrSupport.java:247)
	at org.jacoco.agent.rt.internal_1f1cc91.core.instr.Instrumenter.instrument(Instrumenter.java:86)
	at org.jacoco.agent.rt.internal_1f1cc91.core.instr.Instrumenter.instrument(Instrumenter.java:118)
	... 46 more
java.lang.instrument.IllegalClassFormatException: Error while instrumenting javax/script/ScriptEngineManager$1.
	at org.jacoco.agent.rt.internal_1f1cc91.CoverageTransformer.transform(CoverageTransformer.java:93)
	at java.instrument/java.lang.instrument.ClassFileTransformer.transform(ClassFileTransformer.java:246)
	at java.instrument/sun.instrument.TransformerManager.transform(TransformerManager.java:188)
	at java.instrument/sun.instrument.InstrumentationImpl.transform(InstrumentationImpl.java:563)
	at java.base/java.lang.ClassLoader.defineClass2(Native Method)
	at java.base/java.lang.ClassLoader.defineClass(ClassLoader.java:1109)
	at java.base/java.security.SecureClassLoader.defineClass(SecureClassLoader.java:183)
	at java.base/jdk.internal.loader.BuiltinClassLoader.defineClass(BuiltinClassLoader.java:780)
	at java.base/jdk.internal.loader.BuiltinClassLoader.findClassInModuleOrNull(BuiltinClassLoader.java:701)
	at java.base/jdk.internal.loader.BuiltinClassLoader.loadClassOrNull(BuiltinClassLoader.java:626)
	at java.base/jdk.internal.loader.BuiltinClassLoader.loadClass(BuiltinClassLoader.java:600)
	at java.base/java.lang.ClassLoader.loadClass(ClassLoader.java:522)
	at java.scripting/javax.script.ScriptEngineManager.initEngines(ScriptEngineManager.java:101)
	at java.scripting/javax.script.ScriptEngineManager.init(ScriptEngineManager.java:87)
	at java.scripting/javax.script.ScriptEngineManager.<init>(ScriptEngineManager.java:62)
	at org.junit.jupiter.engine.script.ScriptExecutionManager.<init>(ScriptExecutionManager.java:37)
	at org.junit.jupiter.engine.extension.ScriptExecutionEvaluator.<init>(ScriptExecutionEvaluator.java:42)
	at java.base/jdk.internal.reflect.NativeConstructorAccessorImpl.newInstance0(Native Method)
	at java.base/jdk.internal.reflect.NativeConstructorAccessorImpl.newInstance(NativeConstructorAccessorImpl.java:62)
	at java.base/jdk.internal.reflect.DelegatingConstructorAccessorImpl.newInstance(DelegatingConstructorAccessorImpl.java:45)
	at java.base/java.lang.reflect.Constructor.newInstanceWithCaller(Constructor.java:500)
	at java.base/java.lang.reflect.Constructor.newInstance(Constructor.java:481)
	at org.junit.jupiter.engine.extension.ScriptExecutionCondition$Evaluator.forName(ScriptExecutionCondition.java:153)
	at org.junit.jupiter.engine.extension.ScriptExecutionCondition$Evaluator.forName(ScriptExecutionCondition.java:133)
	at org.junit.jupiter.engine.extension.ScriptExecutionCondition.<init>(ScriptExecutionCondition.java:55)
	at org.junit.jupiter.engine.extension.ScriptExecutionCondition.<init>(ScriptExecutionCondition.java:50)
	at org.junit.jupiter.engine.extension.ExtensionRegistry.<clinit>(ExtensionRegistry.java:55)
	at org.junit.jupiter.engine.descriptor.JupiterEngineDescriptor.prepare(JupiterEngineDescriptor.java:37)
	at org.junit.jupiter.engine.descriptor.JupiterEngineDescriptor.prepare(JupiterEngineDescriptor.java:28)
	at org.junit.platform.engine.support.hierarchical.NodeTestTask.lambda$prepare$0(NodeTestTask.java:83)
	at org.junit.platform.engine.support.hierarchical.ThrowableCollector.execute(ThrowableCollector.java:72)
	at org.junit.platform.engine.support.hierarchical.NodeTestTask.prepare(NodeTestTask.java:83)
	at org.junit.platform.engine.support.hierarchical.NodeTestTask.execute(NodeTestTask.java:69)
	at org.junit.platform.engine.support.hierarchical.SameThreadHierarchicalTestExecutorService.submit(SameThreadHierarchicalTestExecutorService.java:32)
	at org.junit.platform.engine.support.hierarchical.HierarchicalTestExecutor.execute(HierarchicalTestExecutor.java:57)
	at org.junit.platform.engine.support.hierarchical.HierarchicalTestEngine.execute(HierarchicalTestEngine.java:51)
	at org.junit.platform.launcher.core.DefaultLauncher.execute(DefaultLauncher.java:220)
	at org.junit.platform.launcher.core.DefaultLauncher.lambda$execute$6(DefaultLauncher.java:188)
	at org.junit.platform.launcher.core.DefaultLauncher.withInterceptedStreams(DefaultLauncher.java:202)
	at org.junit.platform.launcher.core.DefaultLauncher.execute(DefaultLauncher.java:181)
	at org.junit.platform.launcher.core.DefaultLauncher.execute(DefaultLauncher.java:128)
	at org.apache.maven.surefire.junitplatform.JUnitPlatformProvider.invokeAllTests(JUnitPlatformProvider.java:150)
	at org.apache.maven.surefire.junitplatform.JUnitPlatformProvider.invoke(JUnitPlatformProvider.java:124)
	at org.apache.maven.surefire.booter.ForkedBooter.invokeProviderInSameClassLoader(ForkedBooter.java:384)
	at org.apache.maven.surefire.booter.ForkedBooter.runSuitesInProcess(ForkedBooter.java:345)
	at org.apache.maven.surefire.booter.ForkedBooter.execute(ForkedBooter.java:126)
	at org.apache.maven.surefire.booter.ForkedBooter.main(ForkedBooter.java:418)
Caused by: java.io.IOException: Error while instrumenting javax/script/ScriptEngineManager$1.
	at org.jacoco.agent.rt.internal_1f1cc91.core.instr.Instrumenter.instrumentError(Instrumenter.java:170)
	at org.jacoco.agent.rt.internal_1f1cc91.core.instr.Instrumenter.instrument(Instrumenter.java:120)
	at org.jacoco.agent.rt.internal_1f1cc91.CoverageTransformer.transform(CoverageTransformer.java:91)
	... 46 more
Caused by: java.lang.IllegalArgumentException: Unsupported class file major version 58
	at org.jacoco.agent.rt.internal_1f1cc91.asm.ClassReader.<init>(ClassReader.java:184)
	at org.jacoco.agent.rt.internal_1f1cc91.asm.ClassReader.<init>(ClassReader.java:166)
	at org.jacoco.agent.rt.internal_1f1cc91.asm.ClassReader.<init>(ClassReader.java:152)
	at org.jacoco.agent.rt.internal_1f1cc91.core.internal.instr.InstrSupport.classReaderFor(InstrSupport.java:247)
	at org.jacoco.agent.rt.internal_1f1cc91.core.instr.Instrumenter.instrument(Instrumenter.java:86)
	at org.jacoco.agent.rt.internal_1f1cc91.core.instr.Instrumenter.instrument(Instrumenter.java:118)
	... 47 more
java.lang.instrument.IllegalClassFormatException: Error while instrumenting jdk/nashorn/api/scripting/NashornScriptEngineFactory.
	at org.jacoco.agent.rt.internal_1f1cc91.CoverageTransformer.transform(CoverageTransformer.java:93)
	at java.instrument/java.lang.instrument.ClassFileTransformer.transform(ClassFileTransformer.java:246)
	at java.instrument/sun.instrument.TransformerManager.transform(TransformerManager.java:188)
	at java.instrument/sun.instrument.InstrumentationImpl.transform(InstrumentationImpl.java:563)
	at java.base/java.lang.ClassLoader.defineClass2(Native Method)
	at java.base/java.lang.ClassLoader.defineClass(ClassLoader.java:1109)
	at java.base/java.security.SecureClassLoader.defineClass(SecureClassLoader.java:183)
	at java.base/jdk.internal.loader.BuiltinClassLoader.defineClass(BuiltinClassLoader.java:780)
	at java.base/jdk.internal.loader.BuiltinClassLoader.findClassInModuleOrNull(BuiltinClassLoader.java:701)
	at java.base/jdk.internal.loader.BuiltinClassLoader.findClass(BuiltinClassLoader.java:582)
	at java.base/java.lang.ClassLoader.loadClass(ClassLoader.java:634)
	at java.base/java.lang.Class.forName(Class.java:505)
	at java.base/java.util.ServiceLoader.loadProvider(ServiceLoader.java:854)
	at java.base/java.util.ServiceLoader$ModuleServicesLookupIterator.hasNext(ServiceLoader.java:1078)
	at java.base/java.util.ServiceLoader$2.hasNext(ServiceLoader.java:1301)
	at java.base/java.util.ServiceLoader$3.hasNext(ServiceLoader.java:1386)
	at java.scripting/javax.script.ScriptEngineManager.initEngines(ScriptEngineManager.java:123)
	at java.scripting/javax.script.ScriptEngineManager.init(ScriptEngineManager.java:87)
	at java.scripting/javax.script.ScriptEngineManager.<init>(ScriptEngineManager.java:62)
	at org.junit.jupiter.engine.script.ScriptExecutionManager.<init>(ScriptExecutionManager.java:37)
	at org.junit.jupiter.engine.extension.ScriptExecutionEvaluator.<init>(ScriptExecutionEvaluator.java:42)
	at java.base/jdk.internal.reflect.NativeConstructorAccessorImpl.newInstance0(Native Method)
	at java.base/jdk.internal.reflect.NativeConstructorAccessorImpl.newInstance(NativeConstructorAccessorImpl.java:62)
	at java.base/jdk.internal.reflect.DelegatingConstructorAccessorImpl.newInstance(DelegatingConstructorAccessorImpl.java:45)
	at java.base/java.lang.reflect.Constructor.newInstanceWithCaller(Constructor.java:500)
	at java.base/java.lang.reflect.Constructor.newInstance(Constructor.java:481)
	at org.junit.jupiter.engine.extension.ScriptExecutionCondition$Evaluator.forName(ScriptExecutionCondition.java:153)
	at org.junit.jupiter.engine.extension.ScriptExecutionCondition$Evaluator.forName(ScriptExecutionCondition.java:133)
	at org.junit.jupiter.engine.extension.ScriptExecutionCondition.<init>(ScriptExecutionCondition.java:55)
	at org.junit.jupiter.engine.extension.ScriptExecutionCondition.<init>(ScriptExecutionCondition.java:50)
	at org.junit.jupiter.engine.extension.ExtensionRegistry.<clinit>(ExtensionRegistry.java:55)
	at org.junit.jupiter.engine.descriptor.JupiterEngineDescriptor.prepare(JupiterEngineDescriptor.java:37)
	at org.junit.jupiter.engine.descriptor.JupiterEngineDescriptor.prepare(JupiterEngineDescriptor.java:28)
	at org.junit.platform.engine.support.hierarchical.NodeTestTask.lambda$prepare$0(NodeTestTask.java:83)
	at org.junit.platform.engine.support.hierarchical.ThrowableCollector.execute(ThrowableCollector.java:72)
	at org.junit.platform.engine.support.hierarchical.NodeTestTask.prepare(NodeTestTask.java:83)
	at org.junit.platform.engine.support.hierarchical.NodeTestTask.execute(NodeTestTask.java:69)
	at org.junit.platform.engine.support.hierarchical.SameThreadHierarchicalTestExecutorService.submit(SameThreadHierarchicalTestExecutorService.java:32)
	at org.junit.platform.engine.support.hierarchical.HierarchicalTestExecutor.execute(HierarchicalTestExecutor.java:57)
	at org.junit.platform.engine.support.hierarchical.HierarchicalTestEngine.execute(HierarchicalTestEngine.java:51)
	at org.junit.platform.launcher.core.DefaultLauncher.execute(DefaultLauncher.java:220)
	at org.junit.platform.launcher.core.DefaultLauncher.lambda$execute$6(DefaultLauncher.java:188)
	at org.junit.platform.launcher.core.DefaultLauncher.withInterceptedStreams(DefaultLauncher.java:202)
	at org.junit.platform.launcher.core.DefaultLauncher.execute(DefaultLauncher.java:181)
	at org.junit.platform.launcher.core.DefaultLauncher.execute(DefaultLauncher.java:128)
	at org.apache.maven.surefire.junitplatform.JUnitPlatformProvider.invokeAllTests(JUnitPlatformProvider.java:150)
	at org.apache.maven.surefire.junitplatform.JUnitPlatformProvider.invoke(JUnitPlatformProvider.java:124)
	at org.apache.maven.surefire.booter.ForkedBooter.invokeProviderInSameClassLoader(ForkedBooter.java:384)
	at org.apache.maven.surefire.booter.ForkedBooter.runSuitesInProcess(ForkedBooter.java:345)
	at org.apache.maven.surefire.booter.ForkedBooter.execute(ForkedBooter.java:126)
	at org.apache.maven.surefire.booter.ForkedBooter.main(ForkedBooter.java:418)
Caused by: java.io.IOException: Error while instrumenting jdk/nashorn/api/scripting/NashornScriptEngineFactory.
	at org.jacoco.agent.rt.internal_1f1cc91.core.instr.Instrumenter.instrumentError(Instrumenter.java:170)
	at org.jacoco.agent.rt.internal_1f1cc91.core.instr.Instrumenter.instrument(Instrumenter.java:120)
	at org.jacoco.agent.rt.internal_1f1cc91.CoverageTransformer.transform(CoverageTransformer.java:91)
	... 50 more
Caused by: java.lang.IllegalArgumentException: Unsupported class file major version 58
	at org.jacoco.agent.rt.internal_1f1cc91.asm.ClassReader.<init>(ClassReader.java:184)
	at org.jacoco.agent.rt.internal_1f1cc91.asm.ClassReader.<init>(ClassReader.java:166)
	at org.jacoco.agent.rt.internal_1f1cc91.asm.ClassReader.<init>(ClassReader.java:152)
	at org.jacoco.agent.rt.internal_1f1cc91.core.internal.instr.InstrSupport.classReaderFor(InstrSupport.java:247)
	at org.jacoco.agent.rt.internal_1f1cc91.core.instr.Instrumenter.instrument(Instrumenter.java:86)
	at org.jacoco.agent.rt.internal_1f1cc91.core.instr.Instrumenter.instrument(Instrumenter.java:118)
	... 51 more
java.lang.instrument.IllegalClassFormatException: Error while instrumenting jdk/nashorn/api/scripting/ClassFilter.
	at org.jacoco.agent.rt.internal_1f1cc91.CoverageTransformer.transform(CoverageTransformer.java:93)
	at java.instrument/java.lang.instrument.ClassFileTransformer.transform(ClassFileTransformer.java:246)
	at java.instrument/sun.instrument.TransformerManager.transform(TransformerManager.java:188)
	at java.instrument/sun.instrument.InstrumentationImpl.transform(InstrumentationImpl.java:563)
	at java.base/java.lang.ClassLoader.defineClass2(Native Method)
	at java.base/java.lang.ClassLoader.defineClass(ClassLoader.java:1109)
	at java.base/java.security.SecureClassLoader.defineClass(SecureClassLoader.java:183)
	at java.base/jdk.internal.loader.BuiltinClassLoader.defineClass(BuiltinClassLoader.java:780)
	at java.base/jdk.internal.loader.BuiltinClassLoader.findClassInModuleOrNull(BuiltinClassLoader.java:701)
	at java.base/jdk.internal.loader.BuiltinClassLoader.loadClassOrNull(BuiltinClassLoader.java:626)
	at java.base/jdk.internal.loader.BuiltinClassLoader.loadClass(BuiltinClassLoader.java:600)
	at java.base/java.lang.ClassLoader.loadClass(ClassLoader.java:522)
	at java.base/java.lang.Class.getDeclaredMethods0(Native Method)
	at java.base/java.lang.Class.privateGetDeclaredMethods(Class.java:3244)
	at java.base/java.lang.Class.getDeclaredPublicMethods(Class.java:2569)
	at java.base/java.lang.System$2.getDeclaredPublicMethods(System.java:2152)
	at java.base/java.util.ServiceLoader.findStaticProviderMethod(ServiceLoader.java:618)
	at java.base/java.util.ServiceLoader.loadProvider(ServiceLoader.java:880)
	at java.base/java.util.ServiceLoader$ModuleServicesLookupIterator.hasNext(ServiceLoader.java:1078)
	at java.base/java.util.ServiceLoader$2.hasNext(ServiceLoader.java:1301)
	at java.base/java.util.ServiceLoader$3.hasNext(ServiceLoader.java:1386)
	at java.scripting/javax.script.ScriptEngineManager.initEngines(ScriptEngineManager.java:123)
	at java.scripting/javax.script.ScriptEngineManager.init(ScriptEngineManager.java:87)
	at java.scripting/javax.script.ScriptEngineManager.<init>(ScriptEngineManager.java:62)
	at org.junit.jupiter.engine.script.ScriptExecutionManager.<init>(ScriptExecutionManager.java:37)
	at org.junit.jupiter.engine.extension.ScriptExecutionEvaluator.<init>(ScriptExecutionEvaluator.java:42)
	at java.base/jdk.internal.reflect.NativeConstructorAccessorImpl.newInstance0(Native Method)
	at java.base/jdk.internal.reflect.NativeConstructorAccessorImpl.newInstance(NativeConstructorAccessorImpl.java:62)
	at java.base/jdk.internal.reflect.DelegatingConstructorAccessorImpl.newInstance(DelegatingConstructorAccessorImpl.java:45)
	at java.base/java.lang.reflect.Constructor.newInstanceWithCaller(Constructor.java:500)
	at java.base/java.lang.reflect.Constructor.newInstance(Constructor.java:481)
	at org.junit.jupiter.engine.extension.ScriptExecutionCondition$Evaluator.forName(ScriptExecutionCondition.java:153)
	at org.junit.jupiter.engine.extension.ScriptExecutionCondition$Evaluator.forName(ScriptExecutionCondition.java:133)
	at org.junit.jupiter.engine.extension.ScriptExecutionCondition.<init>(ScriptExecutionCondition.java:55)
	at org.junit.jupiter.engine.extension.ScriptExecutionCondition.<init>(ScriptExecutionCondition.java:50)
	at org.junit.jupiter.engine.extension.ExtensionRegistry.<clinit>(ExtensionRegistry.java:55)
	at org.junit.jupiter.engine.descriptor.JupiterEngineDescriptor.prepare(JupiterEngineDescriptor.java:37)
	at org.junit.jupiter.engine.descriptor.JupiterEngineDescriptor.prepare(JupiterEngineDescriptor.java:28)
	at org.junit.platform.engine.support.hierarchical.NodeTestTask.lambda$prepare$0(NodeTestTask.java:83)
	at org.junit.platform.engine.support.hierarchical.ThrowableCollector.execute(ThrowableCollector.java:72)
	at org.junit.platform.engine.support.hierarchical.NodeTestTask.prepare(NodeTestTask.java:83)
	at org.junit.platform.engine.support.hierarchical.NodeTestTask.execute(NodeTestTask.java:69)
	at org.junit.platform.engine.support.hierarchical.SameThreadHierarchicalTestExecutorService.submit(SameThreadHierarchicalTestExecutorService.java:32)
	at org.junit.platform.engine.support.hierarchical.HierarchicalTestExecutor.execute(HierarchicalTestExecutor.java:57)
	at org.junit.platform.engine.support.hierarchical.HierarchicalTestEngine.execute(HierarchicalTestEngine.java:51)
	at org.junit.platform.launcher.core.DefaultLauncher.execute(DefaultLauncher.java:220)
	at org.junit.platform.launcher.core.DefaultLauncher.lambda$execute$6(DefaultLauncher.java:188)
	at org.junit.platform.launcher.core.DefaultLauncher.withInterceptedStreams(DefaultLauncher.java:202)
	at org.junit.platform.launcher.core.DefaultLauncher.execute(DefaultLauncher.java:181)
	at org.junit.platform.launcher.core.DefaultLauncher.execute(DefaultLauncher.java:128)
	at org.apache.maven.surefire.junitplatform.JUnitPlatformProvider.invokeAllTests(JUnitPlatformProvider.java:150)
	at org.apache.maven.surefire.junitplatform.JUnitPlatformProvider.invoke(JUnitPlatformProvider.java:124)
	at org.apache.maven.surefire.booter.ForkedBooter.invokeProviderInSameClassLoader(ForkedBooter.java:384)
	at org.apache.maven.surefire.booter.ForkedBooter.runSuitesInProcess(ForkedBooter.java:345)
	at org.apache.maven.surefire.booter.ForkedBooter.execute(ForkedBooter.java:126)
	at org.apache.maven.surefire.booter.ForkedBooter.main(ForkedBooter.java:418)
Caused by: java.io.IOException: Error while instrumenting jdk/nashorn/api/scripting/ClassFilter.
	at org.jacoco.agent.rt.internal_1f1cc91.core.instr.Instrumenter.instrumentError(Instrumenter.java:170)
	at org.jacoco.agent.rt.internal_1f1cc91.core.instr.Instrumenter.instrument(Instrumenter.java:120)
	at org.jacoco.agent.rt.internal_1f1cc91.CoverageTransformer.transform(CoverageTransformer.java:91)
	... 55 more
Caused by: java.lang.IllegalArgumentException: Unsupported class file major version 58
	at org.jacoco.agent.rt.internal_1f1cc91.asm.ClassReader.<init>(ClassReader.java:184)
	at org.jacoco.agent.rt.internal_1f1cc91.asm.ClassReader.<init>(ClassReader.java:166)
	at org.jacoco.agent.rt.internal_1f1cc91.asm.ClassReader.<init>(ClassReader.java:152)
	at org.jacoco.agent.rt.internal_1f1cc91.core.internal.instr.InstrSupport.classReaderFor(InstrSupport.java:247)
	at org.jacoco.agent.rt.internal_1f1cc91.core.instr.Instrumenter.instrument(Instrumenter.java:86)
	at org.jacoco.agent.rt.internal_1f1cc91.core.instr.Instrumenter.instrument(Instrumenter.java:118)
	... 56 more
java.lang.instrument.IllegalClassFormatException: Error while instrumenting java/sql/SQLException.
	at org.jacoco.agent.rt.internal_1f1cc91.CoverageTransformer.transform(CoverageTransformer.java:93)
	at java.instrument/java.lang.instrument.ClassFileTransformer.transform(ClassFileTransformer.java:246)
	at java.instrument/sun.instrument.TransformerManager.transform(TransformerManager.java:188)
	at java.instrument/sun.instrument.InstrumentationImpl.transform(InstrumentationImpl.java:563)
	at java.base/java.lang.ClassLoader.defineClass2(Native Method)
	at java.base/java.lang.ClassLoader.defineClass(ClassLoader.java:1109)
	at java.base/java.security.SecureClassLoader.defineClass(SecureClassLoader.java:183)
	at java.base/jdk.internal.loader.BuiltinClassLoader.defineClass(BuiltinClassLoader.java:780)
	at java.base/jdk.internal.loader.BuiltinClassLoader.findClassInModuleOrNull(BuiltinClassLoader.java:701)
	at java.base/jdk.internal.loader.BuiltinClassLoader.loadClassOrNull(BuiltinClassLoader.java:626)
	at java.base/jdk.internal.loader.BuiltinClassLoader.loadClassOrNull(BuiltinClassLoader.java:661)
	at java.base/jdk.internal.loader.BuiltinClassLoader.loadClassOrNull(BuiltinClassLoader.java:630)
	at java.base/jdk.internal.loader.BuiltinClassLoader.loadClass(BuiltinClassLoader.java:600)
	at java.base/jdk.internal.loader.ClassLoaders$AppClassLoader.loadClass(ClassLoaders.java:178)
	at java.base/java.lang.ClassLoader.loadClass(ClassLoader.java:522)
	at org.springframework.beans.BeanUtils.instantiateClass(BeanUtils.java:170)
	at org.springframework.beans.BeanUtils.instantiateClass(BeanUtils.java:122)
	at org.springframework.beans.BeanUtils.instantiateClass(BeanUtils.java:152)
	at org.springframework.test.context.BootstrapUtils.createCacheAwareContextLoaderDelegate(BootstrapUtils.java:99)
	at org.springframework.test.context.BootstrapUtils.createBootstrapContext(BootstrapUtils.java:71)
	at org.springframework.test.context.TestContextManager.<init>(TestContextManager.java:124)
	at org.junit.jupiter.engine.execution.ExtensionValuesStore.lambda$getOrComputeIfAbsent$0(ExtensionValuesStore.java:80)
	at org.junit.jupiter.engine.execution.ExtensionValuesStore$MemoizingSupplier.get(ExtensionValuesStore.java:185)
	at org.junit.jupiter.engine.execution.ExtensionValuesStore.getOrComputeIfAbsent(ExtensionValuesStore.java:87)
	at org.junit.jupiter.engine.execution.ExtensionValuesStore.getOrComputeIfAbsent(ExtensionValuesStore.java:91)
	at org.junit.jupiter.engine.execution.NamespaceAwareStore.getOrComputeIfAbsent(NamespaceAwareStore.java:61)
	at org.springframework.test.context.junit.jupiter.SpringExtension.getTestContextManager(SpringExtension.java:202)
	at org.springframework.test.context.junit.jupiter.SpringExtension.beforeAll(SpringExtension.java:76)
	at org.junit.jupiter.engine.descriptor.ClassTestDescriptor.lambda$invokeBeforeAllCallbacks$7(ClassTestDescriptor.java:358)
	at org.junit.platform.engine.support.hierarchical.ThrowableCollector.execute(ThrowableCollector.java:72)
	at org.junit.jupiter.engine.descriptor.ClassTestDescriptor.invokeBeforeAllCallbacks(ClassTestDescriptor.java:358)
	at org.junit.jupiter.engine.descriptor.ClassTestDescriptor.before(ClassTestDescriptor.java:197)
	at org.junit.jupiter.engine.descriptor.ClassTestDescriptor.before(ClassTestDescriptor.java:74)
	at org.junit.platform.engine.support.hierarchical.NodeTestTask.lambda$executeRecursively$4(NodeTestTask.java:105)
	at org.junit.platform.engine.support.hierarchical.ThrowableCollector.execute(ThrowableCollector.java:72)
	at org.junit.platform.engine.support.hierarchical.NodeTestTask.executeRecursively(NodeTestTask.java:98)
	at org.junit.platform.engine.support.hierarchical.NodeTestTask.execute(NodeTestTask.java:74)
	at java.base/java.util.ArrayList.forEach(ArrayList.java:1510)
	at org.junit.platform.engine.support.hierarchical.SameThreadHierarchicalTestExecutorService.invokeAll(SameThreadHierarchicalTestExecutorService.java:38)
	at org.junit.platform.engine.support.hierarchical.NodeTestTask.lambda$executeRecursively$4(NodeTestTask.java:112)
	at org.junit.platform.engine.support.hierarchical.ThrowableCollector.execute(ThrowableCollector.java:72)
	at org.junit.platform.engine.support.hierarchical.NodeTestTask.executeRecursively(NodeTestTask.java:98)
	at org.junit.platform.engine.support.hierarchical.NodeTestTask.execute(NodeTestTask.java:74)
	at org.junit.platform.engine.support.hierarchical.SameThreadHierarchicalTestExecutorService.submit(SameThreadHierarchicalTestExecutorService.java:32)
	at org.junit.platform.engine.support.hierarchical.HierarchicalTestExecutor.execute(HierarchicalTestExecutor.java:57)
	at org.junit.platform.engine.support.hierarchical.HierarchicalTestEngine.execute(HierarchicalTestEngine.java:51)
	at org.junit.platform.launcher.core.DefaultLauncher.execute(DefaultLauncher.java:220)
	at org.junit.platform.launcher.core.DefaultLauncher.lambda$execute$6(DefaultLauncher.java:188)
	at org.junit.platform.launcher.core.DefaultLauncher.withInterceptedStreams(DefaultLauncher.java:202)
	at org.junit.platform.launcher.core.DefaultLauncher.execute(DefaultLauncher.java:181)
	at org.junit.platform.launcher.core.DefaultLauncher.execute(DefaultLauncher.java:128)
	at org.apache.maven.surefire.junitplatform.JUnitPlatformProvider.invokeAllTests(JUnitPlatformProvider.java:150)
	at org.apache.maven.surefire.junitplatform.JUnitPlatformProvider.invoke(JUnitPlatformProvider.java:124)
	at org.apache.maven.surefire.booter.ForkedBooter.invokeProviderInSameClassLoader(ForkedBooter.java:384)
	at org.apache.maven.surefire.booter.ForkedBooter.runSuitesInProcess(ForkedBooter.java:345)
	at org.apache.maven.surefire.booter.ForkedBooter.execute(ForkedBooter.java:126)
	at org.apache.maven.surefire.booter.ForkedBooter.main(ForkedBooter.java:418)
Caused by: java.io.IOException: Error while instrumenting java/sql/SQLException.
	at org.jacoco.agent.rt.internal_1f1cc91.core.instr.Instrumenter.instrumentError(Instrumenter.java:170)
	at org.jacoco.agent.rt.internal_1f1cc91.core.instr.Instrumenter.instrument(Instrumenter.java:120)
	at org.jacoco.agent.rt.internal_1f1cc91.CoverageTransformer.transform(CoverageTransformer.java:91)
	... 56 more
Caused by: java.lang.IllegalArgumentException: Unsupported class file major version 58
	at org.jacoco.agent.rt.internal_1f1cc91.asm.ClassReader.<init>(ClassReader.java:184)
	at org.jacoco.agent.rt.internal_1f1cc91.asm.ClassReader.<init>(ClassReader.java:166)
	at org.jacoco.agent.rt.internal_1f1cc91.asm.ClassReader.<init>(ClassReader.java:152)
	at org.jacoco.agent.rt.internal_1f1cc91.core.internal.instr.InstrSupport.classReaderFor(InstrSupport.java:247)
	at org.jacoco.agent.rt.internal_1f1cc91.core.instr.Instrumenter.instrument(Instrumenter.java:86)
	at org.jacoco.agent.rt.internal_1f1cc91.core.instr.Instrumenter.instrument(Instrumenter.java:118)
	... 57 more
java.lang.NoClassDefFoundError: Could not initialize class org.codehaus.groovy.vmplugin.v7.Java7
	at org.codehaus.groovy.vmplugin.VMPluginFactory.<clinit>(VMPluginFactory.java:43)
	at org.codehaus.groovy.reflection.GroovyClassValueFactory.<clinit>(GroovyClassValueFactory.java:35)
	at org.codehaus.groovy.reflection.ClassInfo.<clinit>(ClassInfo.java:107)
	at org.codehaus.groovy.reflection.ReflectionCache.getCachedClass(ReflectionCache.java:95)
	at org.codehaus.groovy.reflection.ReflectionCache.<clinit>(ReflectionCache.java:39)
	at org.codehaus.groovy.runtime.metaclass.MetaClassRegistryImpl.registerMethods(MetaClassRegistryImpl.java:209)
	at org.codehaus.groovy.runtime.metaclass.MetaClassRegistryImpl.<init>(MetaClassRegistryImpl.java:107)
	at org.codehaus.groovy.runtime.metaclass.MetaClassRegistryImpl.<init>(MetaClassRegistryImpl.java:85)
	at groovy.lang.GroovySystem.<clinit>(GroovySystem.java:36)
	at org.springframework.beans.factory.groovy.GroovyBeanDefinitionReader.<init>(GroovyBeanDefinitionReader.java:150)
	at org.springframework.boot.BeanDefinitionLoader.<init>(BeanDefinitionLoader.java:84)
	at org.springframework.boot.SpringApplication.createBeanDefinitionLoader(SpringApplication.java:766)
	at org.springframework.boot.SpringApplication.load(SpringApplication.java:706)
	at org.springframework.boot.SpringApplication.prepareContext(SpringApplication.java:392)
	at org.springframework.boot.SpringApplication.run(SpringApplication.java:314)
	at org.springframework.boot.test.context.SpringBootContextLoader.loadContext(SpringBootContextLoader.java:127)
	at org.springframework.test.context.cache.DefaultCacheAwareContextLoaderDelegate.loadContextInternal(DefaultCacheAwareContextLoaderDelegate.java:99)
	at org.springframework.test.context.cache.DefaultCacheAwareContextLoaderDelegate.loadContext(DefaultCacheAwareContextLoaderDelegate.java:117)
	at org.springframework.test.context.support.DefaultTestContext.getApplicationContext(DefaultTestContext.java:108)
	at org.springframework.test.context.web.ServletTestExecutionListener.setUpRequestContextIfNecessary(ServletTestExecutionListener.java:190)
	at org.springframework.test.context.web.ServletTestExecutionListener.prepareTestInstance(ServletTestExecutionListener.java:132)
	at org.springframework.test.context.TestContextManager.prepareTestInstance(TestContextManager.java:246)
	at org.springframework.test.context.junit.jupiter.SpringExtension.postProcessTestInstance(SpringExtension.java:97)
	at org.junit.jupiter.engine.descriptor.ClassTestDescriptor.lambda$invokeTestInstancePostProcessors$5(ClassTestDescriptor.java:349)
	at org.junit.jupiter.engine.descriptor.JupiterTestDescriptor.executeAndMaskThrowable(JupiterTestDescriptor.java:215)
	at org.junit.jupiter.engine.descriptor.ClassTestDescriptor.lambda$invokeTestInstancePostProcessors$6(ClassTestDescriptor.java:349)
	at java.base/java.util.stream.ReferencePipeline$3$1.accept(ReferencePipeline.java:195)
	at java.base/java.util.stream.ReferencePipeline$2$1.accept(ReferencePipeline.java:177)
	at java.base/java.util.ArrayList$ArrayListSpliterator.forEachRemaining(ArrayList.java:1624)
	at java.base/java.util.stream.AbstractPipeline.copyInto(AbstractPipeline.java:484)
	at java.base/java.util.stream.AbstractPipeline.wrapAndCopyInto(AbstractPipeline.java:474)
	at java.base/java.util.stream.StreamSpliterators$WrappingSpliterator.forEachRemaining(StreamSpliterators.java:312)
	at java.base/java.util.stream.Streams$ConcatSpliterator.forEachRemaining(Streams.java:735)
	at java.base/java.util.stream.Streams$ConcatSpliterator.forEachRemaining(Streams.java:734)
	at java.base/java.util.stream.ReferencePipeline$Head.forEach(ReferencePipeline.java:658)
	at org.junit.jupiter.engine.descriptor.ClassTestDescriptor.invokeTestInstancePostProcessors(ClassTestDescriptor.java:348)
	at org.junit.jupiter.engine.descriptor.ClassTestDescriptor.instantiateAndPostProcessTestInstance(ClassTestDescriptor.java:270)
	at org.junit.jupiter.engine.descriptor.ClassTestDescriptor.lambda$testInstanceProvider$2(ClassTestDescriptor.java:259)
	at org.junit.jupiter.engine.descriptor.ClassTestDescriptor.lambda$testInstanceProvider$3(ClassTestDescriptor.java:263)
	at java.base/java.util.Optional.orElseGet(Optional.java:362)
	at org.junit.jupiter.engine.descriptor.ClassTestDescriptor.lambda$testInstanceProvider$4(ClassTestDescriptor.java:262)
	at org.junit.jupiter.engine.descriptor.TestMethodTestDescriptor.prepare(TestMethodTestDescriptor.java:82)
	at org.junit.jupiter.engine.descriptor.TestMethodTestDescriptor.prepare(TestMethodTestDescriptor.java:59)
	at org.junit.platform.engine.support.hierarchical.NodeTestTask.lambda$prepare$0(NodeTestTask.java:83)
	at org.junit.platform.engine.support.hierarchical.ThrowableCollector.execute(ThrowableCollector.java:72)
	at org.junit.platform.engine.support.hierarchical.NodeTestTask.prepare(NodeTestTask.java:83)
	at org.junit.platform.engine.support.hierarchical.NodeTestTask.execute(NodeTestTask.java:69)
	at java.base/java.util.ArrayList.forEach(ArrayList.java:1510)
	at org.junit.platform.engine.support.hierarchical.SameThreadHierarchicalTestExecutorService.invokeAll(SameThreadHierarchicalTestExecutorService.java:38)
	at org.junit.platform.engine.support.hierarchical.NodeTestTask.lambda$executeRecursively$4(NodeTestTask.java:112)
	at org.junit.platform.engine.support.hierarchical.ThrowableCollector.execute(ThrowableCollector.java:72)
	at org.junit.platform.engine.support.hierarchical.NodeTestTask.executeRecursively(NodeTestTask.java:98)
	at org.junit.platform.engine.support.hierarchical.NodeTestTask.execute(NodeTestTask.java:74)
	at java.base/java.util.ArrayList.forEach(ArrayList.java:1510)
	at org.junit.platform.engine.support.hierarchical.SameThreadHierarchicalTestExecutorService.invokeAll(SameThreadHierarchicalTestExecutorService.java:38)
	at org.junit.platform.engine.support.hierarchical.NodeTestTask.lambda$executeRecursively$4(NodeTestTask.java:112)
	at org.junit.platform.engine.support.hierarchical.ThrowableCollector.execute(ThrowableCollector.java:72)
	at org.junit.platform.engine.support.hierarchical.NodeTestTask.executeRecursively(NodeTestTask.java:98)
	at org.junit.platform.engine.support.hierarchical.NodeTestTask.execute(NodeTestTask.java:74)
	at org.junit.platform.engine.support.hierarchical.SameThreadHierarchicalTestExecutorService.submit(SameThreadHierarchicalTestExecutorService.java:32)
	at org.junit.platform.engine.support.hierarchical.HierarchicalTestExecutor.execute(HierarchicalTestExecutor.java:57)
	at org.junit.platform.engine.support.hierarchical.HierarchicalTestEngine.execute(HierarchicalTestEngine.java:51)
	at org.junit.platform.launcher.core.DefaultLauncher.execute(DefaultLauncher.java:220)
	at org.junit.platform.launcher.core.DefaultLauncher.lambda$execute$6(DefaultLauncher.java:188)
	at org.junit.platform.launcher.core.DefaultLauncher.withInterceptedStreams(DefaultLauncher.java:202)
	at org.junit.platform.launcher.core.DefaultLauncher.execute(DefaultLauncher.java:181)
	at org.junit.platform.launcher.core.DefaultLauncher.execute(DefaultLauncher.java:128)
	at org.apache.maven.surefire.junitplatform.JUnitPlatformProvider.invokeAllTests(JUnitPlatformProvider.java:150)
	at org.apache.maven.surefire.junitplatform.JUnitPlatformProvider.invoke(JUnitPlatformProvider.java:124)
	at org.apache.maven.surefire.booter.ForkedBooter.invokeProviderInSameClassLoader(ForkedBooter.java:384)
	at org.apache.maven.surefire.booter.ForkedBooter.runSuitesInProcess(ForkedBooter.java:345)
	at org.apache.maven.surefire.booter.ForkedBooter.execute(ForkedBooter.java:126)
	at org.apache.maven.surefire.booter.ForkedBooter.main(ForkedBooter.java:418)
java.lang.instrument.IllegalClassFormatException: Error while instrumenting java/sql/Timestamp.
	at org.jacoco.agent.rt.internal_1f1cc91.CoverageTransformer.transform(CoverageTransformer.java:93)
	at java.instrument/java.lang.instrument.ClassFileTransformer.transform(ClassFileTransformer.java:246)
	at java.instrument/sun.instrument.TransformerManager.transform(TransformerManager.java:188)
	at java.instrument/sun.instrument.InstrumentationImpl.transform(InstrumentationImpl.java:563)
	at java.base/java.lang.ClassLoader.defineClass2(Native Method)
	at java.base/java.lang.ClassLoader.defineClass(ClassLoader.java:1109)
	at java.base/java.security.SecureClassLoader.defineClass(SecureClassLoader.java:183)
	at java.base/jdk.internal.loader.BuiltinClassLoader.defineClass(BuiltinClassLoader.java:780)
	at java.base/jdk.internal.loader.BuiltinClassLoader.findClassInModuleOrNull(BuiltinClassLoader.java:701)
	at java.base/jdk.internal.loader.BuiltinClassLoader.loadClassOrNull(BuiltinClassLoader.java:626)
	at java.base/jdk.internal.loader.BuiltinClassLoader.loadClassOrNull(BuiltinClassLoader.java:661)
	at java.base/jdk.internal.loader.BuiltinClassLoader.loadClassOrNull(BuiltinClassLoader.java:630)
	at java.base/jdk.internal.loader.BuiltinClassLoader.loadClass(BuiltinClassLoader.java:600)
	at java.base/jdk.internal.loader.ClassLoaders$AppClassLoader.loadClass(ClassLoaders.java:178)
	at java.base/java.lang.ClassLoader.loadClass(ClassLoader.java:522)
	at com.fasterxml.jackson.databind.ser.std.StdJdkSerializers.all(StdJdkSerializers.java:55)
	at com.fasterxml.jackson.databind.ser.BasicSerializerFactory.<clinit>(BasicSerializerFactory.java:93)
	at com.fasterxml.jackson.databind.ObjectMapper.<init>(ObjectMapper.java:581)
	at com.fasterxml.jackson.databind.ObjectMapper.<init>(ObjectMapper.java:480)
	at org.springframework.http.converter.json.Jackson2ObjectMapperBuilder.build(Jackson2ObjectMapperBuilder.java:631)
	at org.springframework.http.converter.json.MappingJackson2HttpMessageConverter.<init>(MappingJackson2HttpMessageConverter.java:59)
	at org.springframework.http.converter.support.AllEncompassingFormHttpMessageConverter.<init>(AllEncompassingFormHttpMessageConverter.java:76)
	at org.springframework.boot.autoconfigure.BackgroundPreinitializer$MessageConverterInitializer.run(BackgroundPreinitializer.java:131)
	at org.springframework.boot.autoconfigure.BackgroundPreinitializer$1.runSafely(BackgroundPreinitializer.java:106)
	at org.springframework.boot.autoconfigure.BackgroundPreinitializer$1.run(BackgroundPreinitializer.java:97)
	at java.base/java.lang.Thread.run(Thread.java:832)
Caused by: java.io.IOException: Error while instrumenting java/sql/Timestamp.
	at org.jacoco.agent.rt.internal_1f1cc91.core.instr.Instrumenter.instrumentError(Instrumenter.java:170)
	at org.jacoco.agent.rt.internal_1f1cc91.core.instr.Instrumenter.instrument(Instrumenter.java:120)
	at org.jacoco.agent.rt.internal_1f1cc91.CoverageTransformer.transform(CoverageTransformer.java:91)
	... 25 more
Caused by: java.lang.IllegalArgumentException: Unsupported class file major version 58
	at org.jacoco.agent.rt.internal_1f1cc91.asm.ClassReader.<init>(ClassReader.java:184)
	at org.jacoco.agent.rt.internal_1f1cc91.asm.ClassReader.<init>(ClassReader.java:166)
	at org.jacoco.agent.rt.internal_1f1cc91.asm.ClassReader.<init>(ClassReader.java:152)
	at org.jacoco.agent.rt.internal_1f1cc91.core.internal.instr.InstrSupport.classReaderFor(InstrSupport.java:247)
	at org.jacoco.agent.rt.internal_1f1cc91.core.instr.Instrumenter.instrument(Instrumenter.java:86)
	at org.jacoco.agent.rt.internal_1f1cc91.core.instr.Instrumenter.instrument(Instrumenter.java:118)
	... 26 more
java.lang.instrument.IllegalClassFormatException: Error while instrumenting java/sql/Date.
	at org.jacoco.agent.rt.internal_1f1cc91.CoverageTransformer.transform(CoverageTransformer.java:93)
	at java.instrument/java.lang.instrument.ClassFileTransformer.transform(ClassFileTransformer.java:246)
	at java.instrument/sun.instrument.TransformerManager.transform(TransformerManager.java:188)
	at java.instrument/sun.instrument.InstrumentationImpl.transform(InstrumentationImpl.java:563)
	at java.base/java.lang.ClassLoader.defineClass2(Native Method)
	at java.base/java.lang.ClassLoader.defineClass(ClassLoader.java:1109)
	at java.base/java.security.SecureClassLoader.defineClass(SecureClassLoader.java:183)
	at java.base/jdk.internal.loader.BuiltinClassLoader.defineClass(BuiltinClassLoader.java:780)
	at java.base/jdk.internal.loader.BuiltinClassLoader.findClassInModuleOrNull(BuiltinClassLoader.java:701)
	at java.base/jdk.internal.loader.BuiltinClassLoader.loadClassOrNull(BuiltinClassLoader.java:626)
	at java.base/jdk.internal.loader.BuiltinClassLoader.loadClassOrNull(BuiltinClassLoader.java:661)
	at java.base/jdk.internal.loader.BuiltinClassLoader.loadClassOrNull(BuiltinClassLoader.java:630)
	at java.base/jdk.internal.loader.BuiltinClassLoader.loadClass(BuiltinClassLoader.java:600)
	at java.base/jdk.internal.loader.ClassLoaders$AppClassLoader.loadClass(ClassLoaders.java:178)
	at java.base/java.lang.ClassLoader.loadClass(ClassLoader.java:522)
	at com.fasterxml.jackson.databind.ser.std.StdJdkSerializers.all(StdJdkSerializers.java:58)
	at com.fasterxml.jackson.databind.ser.BasicSerializerFactory.<clinit>(BasicSerializerFactory.java:93)
	at com.fasterxml.jackson.databind.ObjectMapper.<init>(ObjectMapper.java:581)
	at com.fasterxml.jackson.databind.ObjectMapper.<init>(ObjectMapper.java:480)
	at org.springframework.http.converter.json.Jackson2ObjectMapperBuilder.build(Jackson2ObjectMapperBuilder.java:631)
	at org.springframework.http.converter.json.MappingJackson2HttpMessageConverter.<init>(MappingJackson2HttpMessageConverter.java:59)
	at org.springframework.http.converter.support.AllEncompassingFormHttpMessageConverter.<init>(AllEncompassingFormHttpMessageConverter.java:76)
	at org.springframework.boot.autoconfigure.BackgroundPreinitializer$MessageConverterInitializer.run(BackgroundPreinitializer.java:131)
	at org.springframework.boot.autoconfigure.BackgroundPreinitializer$1.runSafely(BackgroundPreinitializer.java:106)
	at org.springframework.boot.autoconfigure.BackgroundPreinitializer$1.run(BackgroundPreinitializer.java:97)
	at java.base/java.lang.Thread.run(Thread.java:832)
Caused by: java.io.IOException: Error while instrumenting java/sql/Date.
	at org.jacoco.agent.rt.internal_1f1cc91.core.instr.Instrumenter.instrumentError(Instrumenter.java:170)
	at org.jacoco.agent.rt.internal_1f1cc91.core.instr.Instrumenter.instrument(Instrumenter.java:120)
	at org.jacoco.agent.rt.internal_1f1cc91.CoverageTransformer.transform(CoverageTransformer.java:91)
	... 25 more
Caused by: java.lang.IllegalArgumentException: Unsupported class file major version 58
	at org.jacoco.agent.rt.internal_1f1cc91.asm.ClassReader.<init>(ClassReader.java:184)
	at org.jacoco.agent.rt.internal_1f1cc91.asm.ClassReader.<init>(ClassReader.java:166)
	at org.jacoco.agent.rt.internal_1f1cc91.asm.ClassReader.<init>(ClassReader.java:152)
	at org.jacoco.agent.rt.internal_1f1cc91.core.internal.instr.InstrSupport.classReaderFor(InstrSupport.java:247)
	at org.jacoco.agent.rt.internal_1f1cc91.core.instr.Instrumenter.instrument(Instrumenter.java:86)
	at org.jacoco.agent.rt.internal_1f1cc91.core.instr.Instrumenter.instrument(Instrumenter.java:118)
	... 26 more
java.lang.instrument.IllegalClassFormatException: Error while instrumenting java/sql/Time.
	at org.jacoco.agent.rt.internal_1f1cc91.CoverageTransformer.transform(CoverageTransformer.java:93)
	at java.instrument/java.lang.instrument.ClassFileTransformer.transform(ClassFileTransformer.java:246)
	at java.instrument/sun.instrument.TransformerManager.transform(TransformerManager.java:188)
	at java.instrument/sun.instrument.InstrumentationImpl.transform(InstrumentationImpl.java:563)
	at java.base/java.lang.ClassLoader.defineClass2(Native Method)
	at java.base/java.lang.ClassLoader.defineClass(ClassLoader.java:1109)
	at java.base/java.security.SecureClassLoader.defineClass(SecureClassLoader.java:183)
	at java.base/jdk.internal.loader.BuiltinClassLoader.defineClass(BuiltinClassLoader.java:780)
	at java.base/jdk.internal.loader.BuiltinClassLoader.findClassInModuleOrNull(BuiltinClassLoader.java:701)
	at java.base/jdk.internal.loader.BuiltinClassLoader.loadClassOrNull(BuiltinClassLoader.java:626)
	at java.base/jdk.internal.loader.BuiltinClassLoader.loadClassOrNull(BuiltinClassLoader.java:661)
	at java.base/jdk.internal.loader.BuiltinClassLoader.loadClassOrNull(BuiltinClassLoader.java:630)
	at java.base/jdk.internal.loader.BuiltinClassLoader.loadClass(BuiltinClassLoader.java:600)
	at java.base/jdk.internal.loader.ClassLoaders$AppClassLoader.loadClass(ClassLoaders.java:178)
	at java.base/java.lang.ClassLoader.loadClass(ClassLoader.java:522)
	at com.fasterxml.jackson.databind.ser.std.StdJdkSerializers.all(StdJdkSerializers.java:59)
	at com.fasterxml.jackson.databind.ser.BasicSerializerFactory.<clinit>(BasicSerializerFactory.java:93)
	at com.fasterxml.jackson.databind.ObjectMapper.<init>(ObjectMapper.java:581)
	at com.fasterxml.jackson.databind.ObjectMapper.<init>(ObjectMapper.java:480)
	at org.springframework.http.converter.json.Jackson2ObjectMapperBuilder.build(Jackson2ObjectMapperBuilder.java:631)
	at org.springframework.http.converter.json.MappingJackson2HttpMessageConverter.<init>(MappingJackson2HttpMessageConverter.java:59)
	at org.springframework.http.converter.support.AllEncompassingFormHttpMessageConverter.<init>(AllEncompassingFormHttpMessageConverter.java:76)
	at org.springframework.boot.autoconfigure.BackgroundPreinitializer$MessageConverterInitializer.run(BackgroundPreinitializer.java:131)
	at org.springframework.boot.autoconfigure.BackgroundPreinitializer$1.runSafely(BackgroundPreinitializer.java:106)
	at org.springframework.boot.autoconfigure.BackgroundPreinitializer$1.run(BackgroundPreinitializer.java:97)
	at java.base/java.lang.Thread.run(Thread.java:832)
Caused by: java.io.IOException: Error while instrumenting java/sql/Time.
	at org.jacoco.agent.rt.internal_1f1cc91.core.instr.Instrumenter.instrumentError(Instrumenter.java:170)
	at org.jacoco.agent.rt.internal_1f1cc91.core.instr.Instrumenter.instrument(Instrumenter.java:120)
	at org.jacoco.agent.rt.internal_1f1cc91.CoverageTransformer.transform(CoverageTransformer.java:91)
	... 25 more
Caused by: java.lang.IllegalArgumentException: Unsupported class file major version 58
	at org.jacoco.agent.rt.internal_1f1cc91.asm.ClassReader.<init>(ClassReader.java:184)
	at org.jacoco.agent.rt.internal_1f1cc91.asm.ClassReader.<init>(ClassReader.java:166)
	at org.jacoco.agent.rt.internal_1f1cc91.asm.ClassReader.<init>(ClassReader.java:152)
	at org.jacoco.agent.rt.internal_1f1cc91.core.internal.instr.InstrSupport.classReaderFor(InstrSupport.java:247)
	at org.jacoco.agent.rt.internal_1f1cc91.core.instr.Instrumenter.instrument(Instrumenter.java:86)
	at org.jacoco.agent.rt.internal_1f1cc91.core.instr.Instrumenter.instrument(Instrumenter.java:118)
	... 26 more
]]></system-err>
  </testcase>
</testsuite>